d:\01-learning\06-physx\physx\physx\compiler\vc15win64\sdk_source_bin\physxcharacterkinematic.dir\debug\cctsweptcapsule.obj
d:\01-learning\06-physx\physx\physx\compiler\vc15win64\sdk_source_bin\physxcharacterkinematic.dir\debug\cctcontroller.obj
d:\01-learning\06-physx\physx\physx\compiler\vc15win64\sdk_source_bin\physxcharacterkinematic.dir\debug\cctcharactercontrollercallbacks.obj
d:\01-learning\06-physx\physx\physx\compiler\vc15win64\sdk_source_bin\physxcharacterkinematic.dir\debug\cctboxcontroller.obj
d:\01-learning\06-physx\physx\physx\compiler\vc15win64\sdk_source_bin\physxcharacterkinematic.dir\debug\cctsweptvolume.obj
d:\01-learning\06-physx\physx\physx\compiler\vc15win64\sdk_source_bin\physxcharacterkinematic.dir\debug\cctcapsulecontroller.obj
d:\01-learning\06-physx\physx\physx\compiler\vc15win64\sdk_source_bin\physxcharacterkinematic.dir\debug\cctobstaclecontext.obj
d:\01-learning\06-physx\physx\physx\compiler\vc15win64\sdk_source_bin\physxcharacterkinematic.dir\debug\cctcharactercontrollermanager.obj
d:\01-learning\06-physx\physx\physx\compiler\vc15win64\sdk_source_bin\physxcharacterkinematic.dir\debug\cctsweptbox.obj
d:\01-learning\06-physx\physx\physx\compiler\vc15win64\sdk_source_bin\physxcharacterkinematic.dir\debug\cctcharactercontroller.obj
d:\01-learning\06-physx\physx\physx\bin\win.x86_64.vc141.mt\debug\physxcharacterkinematic_static_64.pdb
d:\01-learning\06-physx\physx\physx\compiler\vc15win64\sdk_source_bin\cmakefiles\generate.stamp
d:\01-learning\06-physx\physx\physx\bin\win.x86_64.vc141.mt\debug\physxcharacterkinematic_static_64.lib
d:\01-learning\06-physx\physx\physx\compiler\vc15win64\sdk_source_bin\physxcharacterkinematic.dir\debug\physxcha.27613c86.tlog\cl.11116.write.1.tlog
d:\01-learning\06-physx\physx\physx\compiler\vc15win64\sdk_source_bin\physxcharacterkinematic.dir\debug\physxcha.27613c86.tlog\cl.command.1.tlog
d:\01-learning\06-physx\physx\physx\compiler\vc15win64\sdk_source_bin\physxcharacterkinematic.dir\debug\physxcha.27613c86.tlog\cl.read.1.tlog
d:\01-learning\06-physx\physx\physx\compiler\vc15win64\sdk_source_bin\physxcharacterkinematic.dir\debug\physxcha.27613c86.tlog\custombuild.command.1.tlog
d:\01-learning\06-physx\physx\physx\compiler\vc15win64\sdk_source_bin\physxcharacterkinematic.dir\debug\physxcha.27613c86.tlog\custombuild.read.1.tlog
d:\01-learning\06-physx\physx\physx\compiler\vc15win64\sdk_source_bin\physxcharacterkinematic.dir\debug\physxcha.27613c86.tlog\custombuild.write.1.tlog
d:\01-learning\06-physx\physx\physx\compiler\vc15win64\sdk_source_bin\physxcharacterkinematic.dir\debug\physxcha.27613c86.tlog\lib-link.read.1.tlog
d:\01-learning\06-physx\physx\physx\compiler\vc15win64\sdk_source_bin\physxcharacterkinematic.dir\debug\physxcha.27613c86.tlog\lib-link.write.1.tlog
d:\01-learning\06-physx\physx\physx\compiler\vc15win64\sdk_source_bin\physxcharacterkinematic.dir\debug\physxcha.27613c86.tlog\lib.command.1.tlog
