d:\01-learning\06-physx\physx\physx\compiler\vc15win64\sdk_source_bin\lowleveldynamics.dir\debug\dyarticulationcontactprep.obj
d:\01-learning\06-physx\physx\physx\compiler\vc15win64\sdk_source_bin\lowleveldynamics.dir\debug\dyfeatherstoneinversedynamic.obj
d:\01-learning\06-physx\physx\physx\compiler\vc15win64\sdk_source_bin\lowleveldynamics.dir\debug\dyrigidbodytosolverbody.obj
d:\01-learning\06-physx\physx\physx\compiler\vc15win64\sdk_source_bin\lowleveldynamics.dir\debug\dytgscontactprep.obj
d:\01-learning\06-physx\physx\physx\compiler\vc15win64\sdk_source_bin\lowleveldynamics.dir\debug\dyfeatherstoneforwarddynamic.obj
d:\01-learning\06-physx\physx\physx\compiler\vc15win64\sdk_source_bin\lowleveldynamics.dir\debug\dysolverpfconstraints.obj
d:\01-learning\06-physx\physx\physx\compiler\vc15win64\sdk_source_bin\lowleveldynamics.dir\debug\dyarticulationcontactpreppf.obj
d:\01-learning\06-physx\physx\physx\compiler\vc15win64\sdk_source_bin\lowleveldynamics.dir\debug\dycontactpreppf.obj
d:\01-learning\06-physx\physx\physx\compiler\vc15win64\sdk_source_bin\lowleveldynamics.dir\debug\dythresholdtable.obj
d:\01-learning\06-physx\physx\physx\compiler\vc15win64\sdk_source_bin\lowleveldynamics.dir\debug\dyconstraintsetupblock.obj
d:\01-learning\06-physx\physx\physx\compiler\vc15win64\sdk_source_bin\lowleveldynamics.dir\debug\dysolvercontrolpf.obj
d:\01-learning\06-physx\physx\physx\compiler\vc15win64\sdk_source_bin\lowleveldynamics.dir\debug\dyarticulation.obj
d:\01-learning\06-physx\physx\physx\compiler\vc15win64\sdk_source_bin\lowleveldynamics.dir\debug\dycontactprep.obj
d:\01-learning\06-physx\physx\physx\compiler\vc15win64\sdk_source_bin\lowleveldynamics.dir\debug\dythreadcontext.obj
d:\01-learning\06-physx\physx\physx\compiler\vc15win64\sdk_source_bin\lowleveldynamics.dir\debug\dyfrictioncorrelation.obj
d:\01-learning\06-physx\physx\physx\compiler\vc15win64\sdk_source_bin\lowleveldynamics.dir\debug\dysolverpfconstraintsblock.obj
d:\01-learning\06-physx\physx\physx\compiler\vc15win64\sdk_source_bin\lowleveldynamics.dir\debug\dyarticulationhelper.obj
d:\01-learning\06-physx\physx\physx\compiler\vc15win64\sdk_source_bin\lowleveldynamics.dir\debug\dycontactprep4.obj
d:\01-learning\06-physx\physx\physx\compiler\vc15win64\sdk_source_bin\lowleveldynamics.dir\debug\dytgscontactprepblock.obj
d:\01-learning\06-physx\physx\physx\compiler\vc15win64\sdk_source_bin\lowleveldynamics.dir\debug\dydynamics.obj
d:\01-learning\06-physx\physx\physx\compiler\vc15win64\sdk_source_bin\lowleveldynamics.dir\debug\dyarticulationsimd.obj
d:\01-learning\06-physx\physx\physx\compiler\vc15win64\sdk_source_bin\lowleveldynamics.dir\debug\dycontactprep4pf.obj
d:\01-learning\06-physx\physx\physx\compiler\vc15win64\sdk_source_bin\lowleveldynamics.dir\debug\dytgsdynamics.obj
d:\01-learning\06-physx\physx\physx\compiler\vc15win64\sdk_source_bin\lowleveldynamics.dir\debug\dyfeatherstonearticulation.obj
d:\01-learning\06-physx\physx\physx\compiler\vc15win64\sdk_source_bin\lowleveldynamics.dir\debug\dysolverconstraints.obj
d:\01-learning\06-physx\physx\physx\compiler\vc15win64\sdk_source_bin\lowleveldynamics.dir\debug\dyconstraintpartition.obj
d:\01-learning\06-physx\physx\physx\compiler\vc15win64\sdk_source_bin\lowleveldynamics.dir\debug\dysolvercontrol.obj
d:\01-learning\06-physx\physx\physx\compiler\vc15win64\sdk_source_bin\lowleveldynamics.dir\debug\dyarticulationscalar.obj
d:\01-learning\06-physx\physx\physx\compiler\vc15win64\sdk_source_bin\lowleveldynamics.dir\debug\dyconstraintsetup.obj
d:\01-learning\06-physx\physx\physx\compiler\vc15win64\sdk_source_bin\lowleveldynamics.dir\debug\dysolverconstraintsblock.obj
d:\01-learning\06-physx\physx\physx\bin\win.x86_64.vc141.mt\debug\lowleveldynamics_static_64.pdb
d:\01-learning\06-physx\physx\physx\compiler\vc15win64\sdk_source_bin\cmakefiles\generate.stamp
d:\01-learning\06-physx\physx\physx\bin\win.x86_64.vc141.mt\debug\lowleveldynamics_static_64.lib
d:\01-learning\06-physx\physx\physx\compiler\vc15win64\sdk_source_bin\lowleveldynamics.dir\debug\lowleveldynamics.tlog\cl.23336.write.1.tlog
d:\01-learning\06-physx\physx\physx\compiler\vc15win64\sdk_source_bin\lowleveldynamics.dir\debug\lowleveldynamics.tlog\cl.command.1.tlog
d:\01-learning\06-physx\physx\physx\compiler\vc15win64\sdk_source_bin\lowleveldynamics.dir\debug\lowleveldynamics.tlog\cl.read.1.tlog
d:\01-learning\06-physx\physx\physx\compiler\vc15win64\sdk_source_bin\lowleveldynamics.dir\debug\lowleveldynamics.tlog\custombuild.command.1.tlog
d:\01-learning\06-physx\physx\physx\compiler\vc15win64\sdk_source_bin\lowleveldynamics.dir\debug\lowleveldynamics.tlog\custombuild.read.1.tlog
d:\01-learning\06-physx\physx\physx\compiler\vc15win64\sdk_source_bin\lowleveldynamics.dir\debug\lowleveldynamics.tlog\custombuild.write.1.tlog
d:\01-learning\06-physx\physx\physx\compiler\vc15win64\sdk_source_bin\lowleveldynamics.dir\debug\lowleveldynamics.tlog\lib-link.read.1.tlog
d:\01-learning\06-physx\physx\physx\compiler\vc15win64\sdk_source_bin\lowleveldynamics.dir\debug\lowleveldynamics.tlog\lib-link.write.1.tlog
d:\01-learning\06-physx\physx\physx\compiler\vc15win64\sdk_source_bin\lowleveldynamics.dir\debug\lowleveldynamics.tlog\lib.command.1.tlog
