d:\01-learning\06-physx\physx\physx\compiler\vc15win64\sdk_source_bin\physxpvdsdk.dir\debug\pxprofileeventimpl.obj
d:\01-learning\06-physx\physx\physx\compiler\vc15win64\sdk_source_bin\physxpvdsdk.dir\debug\pxpvdobjectregistrar.obj
d:\01-learning\06-physx\physx\physx\compiler\vc15win64\sdk_source_bin\physxpvdsdk.dir\debug\pxpvddatastream.obj
d:\01-learning\06-physx\physx\physx\compiler\vc15win64\sdk_source_bin\physxpvdsdk.dir\debug\pxpvduserrenderer.obj
d:\01-learning\06-physx\physx\physx\compiler\vc15win64\sdk_source_bin\physxpvdsdk.dir\debug\pxpvdprofilezoneclient.obj
d:\01-learning\06-physx\physx\physx\compiler\vc15win64\sdk_source_bin\physxpvdsdk.dir\debug\pxpvdobjectmodelmetadata.obj
d:\01-learning\06-physx\physx\physx\compiler\vc15win64\sdk_source_bin\physxpvdsdk.dir\debug\pxpvddefaultfiletransport.obj
d:\01-learning\06-physx\physx\physx\compiler\vc15win64\sdk_source_bin\physxpvdsdk.dir\debug\pxpvdimpl.obj
d:\01-learning\06-physx\physx\physx\compiler\vc15win64\sdk_source_bin\physxpvdsdk.dir\debug\pxpvddefaultsockettransport.obj
d:\01-learning\06-physx\physx\physx\compiler\vc15win64\sdk_source_bin\physxpvdsdk.dir\debug\pxpvd.obj
d:\01-learning\06-physx\physx\physx\compiler\vc15win64\sdk_source_bin\physxpvdsdk.dir\debug\pxpvdmemclient.obj
d:\01-learning\06-physx\physx\physx\bin\win.x86_64.vc141.mt\debug\physxpvdsdk_static_64.pdb
d:\01-learning\06-physx\physx\physx\compiler\vc15win64\sdk_source_bin\cmakefiles\generate.stamp
d:\01-learning\06-physx\physx\physx\bin\win.x86_64.vc141.mt\debug\physxpvdsdk_static_64.lib
d:\01-learning\06-physx\physx\physx\compiler\vc15win64\sdk_source_bin\physxpvdsdk.dir\debug\physxpvdsdk.tlog\cl.16232.write.1.tlog
d:\01-learning\06-physx\physx\physx\compiler\vc15win64\sdk_source_bin\physxpvdsdk.dir\debug\physxpvdsdk.tlog\cl.command.1.tlog
d:\01-learning\06-physx\physx\physx\compiler\vc15win64\sdk_source_bin\physxpvdsdk.dir\debug\physxpvdsdk.tlog\cl.read.1.tlog
d:\01-learning\06-physx\physx\physx\compiler\vc15win64\sdk_source_bin\physxpvdsdk.dir\debug\physxpvdsdk.tlog\custombuild.command.1.tlog
d:\01-learning\06-physx\physx\physx\compiler\vc15win64\sdk_source_bin\physxpvdsdk.dir\debug\physxpvdsdk.tlog\custombuild.read.1.tlog
d:\01-learning\06-physx\physx\physx\compiler\vc15win64\sdk_source_bin\physxpvdsdk.dir\debug\physxpvdsdk.tlog\custombuild.write.1.tlog
d:\01-learning\06-physx\physx\physx\compiler\vc15win64\sdk_source_bin\physxpvdsdk.dir\debug\physxpvdsdk.tlog\lib-link.read.1.tlog
d:\01-learning\06-physx\physx\physx\compiler\vc15win64\sdk_source_bin\physxpvdsdk.dir\debug\physxpvdsdk.tlog\lib-link.write.1.tlog
d:\01-learning\06-physx\physx\physx\compiler\vc15win64\sdk_source_bin\physxpvdsdk.dir\debug\physxpvdsdk.tlog\lib.command.1.tlog
