d:\01-learning\06-physx\physx\physx\compiler\vc15win64\sdk_source_bin\simulationcontroller.dir\debug\scconstraintprojectionmanager.obj
d:\01-learning\06-physx\physx\physx\compiler\vc15win64\sdk_source_bin\simulationcontroller.dir\debug\scshapecore.obj
d:\01-learning\06-physx\physx\physx\compiler\vc15win64\sdk_source_bin\simulationcontroller.dir\debug\scarticulationsim.obj
d:\01-learning\06-physx\physx\physx\compiler\vc15win64\sdk_source_bin\simulationcontroller.dir\debug\scnphasecore.obj
d:\01-learning\06-physx\physx\physx\compiler\vc15win64\sdk_source_bin\simulationcontroller.dir\debug\scbodycore.obj
d:\01-learning\06-physx\physx\physx\compiler\vc15win64\sdk_source_bin\simulationcontroller.dir\debug\scmetadata.obj
d:\01-learning\06-physx\physx\physx\compiler\vc15win64\sdk_source_bin\simulationcontroller.dir\debug\scsimulationcontroller.obj
d:\01-learning\06-physx\physx\physx\compiler\vc15win64\sdk_source_bin\simulationcontroller.dir\debug\scconstraintinteraction.obj
d:\01-learning\06-physx\physx\physx\compiler\vc15win64\sdk_source_bin\simulationcontroller.dir\debug\scrigidcore.obj
d:\01-learning\06-physx\physx\physx\compiler\vc15win64\sdk_source_bin\simulationcontroller.dir\debug\scarticulationjointcore.obj
d:\01-learning\06-physx\physx\physx\compiler\vc15win64\sdk_source_bin\simulationcontroller.dir\debug\sciterators.obj
d:\01-learning\06-physx\physx\physx\compiler\vc15win64\sdk_source_bin\simulationcontroller.dir\debug\sctriggerinteraction.obj
d:\01-learning\06-physx\physx\physx\compiler\vc15win64\sdk_source_bin\simulationcontroller.dir\debug\scconstraintgroupnode.obj
d:\01-learning\06-physx\physx\physx\compiler\vc15win64\sdk_source_bin\simulationcontroller.dir\debug\scphysics.obj
d:\01-learning\06-physx\physx\physx\compiler\vc15win64\sdk_source_bin\simulationcontroller.dir\debug\scarticulationcore.obj
d:\01-learning\06-physx\physx\physx\compiler\vc15win64\sdk_source_bin\simulationcontroller.dir\debug\scelementsim.obj
d:\01-learning\06-physx\physx\physx\compiler\vc15win64\sdk_source_bin\simulationcontroller.dir\debug\scscene.obj
d:\01-learning\06-physx\physx\physx\compiler\vc15win64\sdk_source_bin\simulationcontroller.dir\debug\scactorsim.obj
d:\01-learning\06-physx\physx\physx\compiler\vc15win64\sdk_source_bin\simulationcontroller.dir\debug\scconstraintprojectiontree.obj
d:\01-learning\06-physx\physx\physx\compiler\vc15win64\sdk_source_bin\simulationcontroller.dir\debug\scsimstats.obj
d:\01-learning\06-physx\physx\physx\compiler\vc15win64\sdk_source_bin\simulationcontroller.dir\debug\scstaticcore.obj
d:\01-learning\06-physx\physx\physx\compiler\vc15win64\sdk_source_bin\simulationcontroller.dir\debug\scconstraintcore.obj
d:\01-learning\06-physx\physx\physx\compiler\vc15win64\sdk_source_bin\simulationcontroller.dir\debug\scconstraintsim.obj
d:\01-learning\06-physx\physx\physx\compiler\vc15win64\sdk_source_bin\simulationcontroller.dir\debug\scsqboundsmanager.obj
d:\01-learning\06-physx\physx\physx\compiler\vc15win64\sdk_source_bin\simulationcontroller.dir\debug\scactorcore.obj
d:\01-learning\06-physx\physx\physx\compiler\vc15win64\sdk_source_bin\simulationcontroller.dir\debug\scinteraction.obj
d:\01-learning\06-physx\physx\physx\compiler\vc15win64\sdk_source_bin\simulationcontroller.dir\debug\scshapesim.obj
d:\01-learning\06-physx\physx\physx\compiler\vc15win64\sdk_source_bin\simulationcontroller.dir\debug\scbodysim.obj
d:\01-learning\06-physx\physx\physx\compiler\vc15win64\sdk_source_bin\simulationcontroller.dir\debug\scrigidsim.obj
d:\01-learning\06-physx\physx\physx\compiler\vc15win64\sdk_source_bin\simulationcontroller.dir\debug\scarticulationjointsim.obj
d:\01-learning\06-physx\physx\physx\compiler\vc15win64\sdk_source_bin\simulationcontroller.dir\debug\scelementinteractionmarker.obj
d:\01-learning\06-physx\physx\physx\compiler\vc15win64\sdk_source_bin\simulationcontroller.dir\debug\scshapeinteraction.obj
d:\01-learning\06-physx\physx\physx\bin\win.x86_64.vc141.mt\debug\simulationcontroller_static_64.pdb
d:\01-learning\06-physx\physx\physx\compiler\vc15win64\sdk_source_bin\cmakefiles\generate.stamp
d:\01-learning\06-physx\physx\physx\bin\win.x86_64.vc141.mt\debug\simulationcontroller_static_64.lib
d:\01-learning\06-physx\physx\physx\compiler\vc15win64\sdk_source_bin\simulationcontroller.dir\debug\simulati.32463cbd.tlog\cl.11612.write.1.tlog
d:\01-learning\06-physx\physx\physx\compiler\vc15win64\sdk_source_bin\simulationcontroller.dir\debug\simulati.32463cbd.tlog\cl.command.1.tlog
d:\01-learning\06-physx\physx\physx\compiler\vc15win64\sdk_source_bin\simulationcontroller.dir\debug\simulati.32463cbd.tlog\cl.read.1.tlog
d:\01-learning\06-physx\physx\physx\compiler\vc15win64\sdk_source_bin\simulationcontroller.dir\debug\simulati.32463cbd.tlog\custombuild.command.1.tlog
d:\01-learning\06-physx\physx\physx\compiler\vc15win64\sdk_source_bin\simulationcontroller.dir\debug\simulati.32463cbd.tlog\custombuild.read.1.tlog
d:\01-learning\06-physx\physx\physx\compiler\vc15win64\sdk_source_bin\simulationcontroller.dir\debug\simulati.32463cbd.tlog\custombuild.write.1.tlog
d:\01-learning\06-physx\physx\physx\compiler\vc15win64\sdk_source_bin\simulationcontroller.dir\debug\simulati.32463cbd.tlog\lib-link.read.1.tlog
d:\01-learning\06-physx\physx\physx\compiler\vc15win64\sdk_source_bin\simulationcontroller.dir\debug\simulati.32463cbd.tlog\lib-link.write.1.tlog
d:\01-learning\06-physx\physx\physx\compiler\vc15win64\sdk_source_bin\simulationcontroller.dir\debug\simulati.32463cbd.tlog\lib.command.1.tlog
