d:\01-learning\06-physx\physx\physx\compiler\vc15win64\sdk_source_bin\physxvehicle.dir\debug\vehicleutilsetup.obj
d:\01-learning\06-physx\physx\physx\compiler\vc15win64\sdk_source_bin\physxvehicle.dir\debug\pxvehiclecomponents.obj
d:\01-learning\06-physx\physx\physx\compiler\vc15win64\sdk_source_bin\physxvehicle.dir\debug\pxvehiclesdk.obj
d:\01-learning\06-physx\physx\physx\compiler\vc15win64\sdk_source_bin\physxvehicle.dir\debug\pxvehicleupdate.obj
d:\01-learning\06-physx\physx\physx\compiler\vc15win64\sdk_source_bin\physxvehicle.dir\debug\pxvehicleserialization.obj
d:\01-learning\06-physx\physx\physx\compiler\vc15win64\sdk_source_bin\physxvehicle.dir\debug\pxvehicledrivenw.obj
d:\01-learning\06-physx\physx\physx\compiler\vc15win64\sdk_source_bin\physxvehicle.dir\debug\pxvehiclewheels.obj
d:\01-learning\06-physx\physx\physx\compiler\vc15win64\sdk_source_bin\physxvehicle.dir\debug\pxvehiclemetadataobjects.obj
d:\01-learning\06-physx\physx\physx\compiler\vc15win64\sdk_source_bin\physxvehicle.dir\debug\pxvehiclesuspwheeltire4.obj
d:\01-learning\06-physx\physx\physx\compiler\vc15win64\sdk_source_bin\physxvehicle.dir\debug\pxvehicledrive4w.obj
d:\01-learning\06-physx\physx\physx\compiler\vc15win64\sdk_source_bin\physxvehicle.dir\debug\pxvehicletirefriction.obj
d:\01-learning\06-physx\physx\physx\compiler\vc15win64\sdk_source_bin\physxvehicle.dir\debug\pxvehicleautogeneratedmetadataobjects.obj
d:\01-learning\06-physx\physx\physx\compiler\vc15win64\sdk_source_bin\physxvehicle.dir\debug\pxvehiclemetadata.obj
d:\01-learning\06-physx\physx\physx\compiler\vc15win64\sdk_source_bin\physxvehicle.dir\debug\pxvehicledrive.obj
d:\01-learning\06-physx\physx\physx\compiler\vc15win64\sdk_source_bin\physxvehicle.dir\debug\vehicleutiltelemetry.obj
d:\01-learning\06-physx\physx\physx\compiler\vc15win64\sdk_source_bin\physxvehicle.dir\debug\pxvehicledrivetank.obj
d:\01-learning\06-physx\physx\physx\compiler\vc15win64\sdk_source_bin\physxvehicle.dir\debug\pxvehiclenodrive.obj
d:\01-learning\06-physx\physx\physx\compiler\vc15win64\sdk_source_bin\physxvehicle.dir\debug\vehicleutilcontrol.obj
d:\01-learning\06-physx\physx\physx\bin\win.x86_64.vc141.mt\debug\physxvehicle_static_64.pdb
d:\01-learning\06-physx\physx\physx\compiler\vc15win64\sdk_source_bin\cmakefiles\generate.stamp
d:\01-learning\06-physx\physx\physx\bin\win.x86_64.vc141.mt\debug\physxvehicle_static_64.lib
d:\01-learning\06-physx\physx\physx\compiler\vc15win64\sdk_source_bin\physxvehicle.dir\debug\physxvehicle.tlog\cl.11308.write.1.tlog
d:\01-learning\06-physx\physx\physx\compiler\vc15win64\sdk_source_bin\physxvehicle.dir\debug\physxvehicle.tlog\cl.command.1.tlog
d:\01-learning\06-physx\physx\physx\compiler\vc15win64\sdk_source_bin\physxvehicle.dir\debug\physxvehicle.tlog\cl.read.1.tlog
d:\01-learning\06-physx\physx\physx\compiler\vc15win64\sdk_source_bin\physxvehicle.dir\debug\physxvehicle.tlog\custombuild.command.1.tlog
d:\01-learning\06-physx\physx\physx\compiler\vc15win64\sdk_source_bin\physxvehicle.dir\debug\physxvehicle.tlog\custombuild.read.1.tlog
d:\01-learning\06-physx\physx\physx\compiler\vc15win64\sdk_source_bin\physxvehicle.dir\debug\physxvehicle.tlog\custombuild.write.1.tlog
d:\01-learning\06-physx\physx\physx\compiler\vc15win64\sdk_source_bin\physxvehicle.dir\debug\physxvehicle.tlog\lib-link.read.1.tlog
d:\01-learning\06-physx\physx\physx\compiler\vc15win64\sdk_source_bin\physxvehicle.dir\debug\physxvehicle.tlog\lib-link.write.1.tlog
d:\01-learning\06-physx\physx\physx\compiler\vc15win64\sdk_source_bin\physxvehicle.dir\debug\physxvehicle.tlog\lib.command.1.tlog
