d:\01-learning\06-physx\physx\physx\compiler\vc15win64\sdk_source_bin\physxcommon.dir\debug\cmmathutils.obj
d:\01-learning\06-physx\physx\physx\compiler\vc15win64\sdk_source_bin\physxcommon.dir\debug\cmwindowsmoduleupdateloader.obj
d:\01-learning\06-physx\physx\physx\compiler\vc15win64\sdk_source_bin\physxcommon.dir\debug\gumtd.obj
d:\01-learning\06-physx\physx\physx\compiler\vc15win64\sdk_source_bin\physxcommon.dir\debug\guseparatingaxes.obj
d:\01-learning\06-physx\physx\physx\compiler\vc15win64\sdk_source_bin\physxcommon.dir\debug\gucontactcapsuleconvex.obj
d:\01-learning\06-physx\physx\physx\compiler\vc15win64\sdk_source_bin\physxcommon.dir\debug\gufeaturecode.obj
d:\01-learning\06-physx\physx\physx\compiler\vc15win64\sdk_source_bin\physxcommon.dir\debug\guconvexhelper.obj
d:\01-learning\06-physx\physx\physx\compiler\vc15win64\sdk_source_bin\physxcommon.dir\debug\guoverlaptestshf.obj
d:\01-learning\06-physx\physx\physx\compiler\vc15win64\sdk_source_bin\physxcommon.dir\debug\gubv4_spheresweep.obj
d:\01-learning\06-physx\physx\physx\compiler\vc15win64\sdk_source_bin\physxcommon.dir\debug\gupcmcontactboxbox.obj
d:\01-learning\06-physx\physx\physx\compiler\vc15win64\sdk_source_bin\physxcommon.dir\debug\gupcmcontactgenspherecapsule.obj
d:\01-learning\06-physx\physx\physx\compiler\vc15win64\sdk_source_bin\physxcommon.dir\debug\gusweepboxbox.obj
d:\01-learning\06-physx\physx\physx\compiler\vc15win64\sdk_source_bin\physxcommon.dir\debug\cmptrtable.obj
d:\01-learning\06-physx\physx\physx\compiler\vc15win64\sdk_source_bin\physxcommon.dir\debug\gugeometryquery.obj
d:\01-learning\06-physx\physx\physx\compiler\vc15win64\sdk_source_bin\physxcommon.dir\debug\guccdsweepprimitives.obj
d:\01-learning\06-physx\physx\physx\compiler\vc15win64\sdk_source_bin\physxcommon.dir\debug\gucontactspheremesh.obj
d:\01-learning\06-physx\physx\physx\compiler\vc15win64\sdk_source_bin\physxcommon.dir\debug\gugjksimplex.obj
d:\01-learning\06-physx\physx\physx\compiler\vc15win64\sdk_source_bin\physxcommon.dir\debug\guintersectionraysphere.obj
d:\01-learning\06-physx\physx\physx\compiler\vc15win64\sdk_source_bin\physxcommon.dir\debug\gubv4.obj
d:\01-learning\06-physx\physx\physx\compiler\vc15win64\sdk_source_bin\physxcommon.dir\debug\gumeshquery.obj
d:\01-learning\06-physx\physx\physx\compiler\vc15win64\sdk_source_bin\physxcommon.dir\debug\gupcmcontactboxconvex.obj
d:\01-learning\06-physx\physx\physx\compiler\vc15win64\sdk_source_bin\physxcommon.dir\debug\gupcmcontactplanebox.obj
d:\01-learning\06-physx\physx\physx\compiler\vc15win64\sdk_source_bin\physxcommon.dir\debug\gupcmtrianglecontactgen.obj
d:\01-learning\06-physx\physx\physx\compiler\vc15win64\sdk_source_bin\physxcommon.dir\debug\gucapsule.obj
d:\01-learning\06-physx\physx\physx\compiler\vc15win64\sdk_source_bin\physxcommon.dir\debug\gusweepmtd.obj
d:\01-learning\06-physx\physx\physx\compiler\vc15win64\sdk_source_bin\physxcommon.dir\debug\gucontactplanebox.obj
d:\01-learning\06-physx\physx\physx\compiler\vc15win64\sdk_source_bin\physxcommon.dir\debug\gubigconvexdata.obj
d:\01-learning\06-physx\physx\physx\compiler\vc15win64\sdk_source_bin\physxcommon.dir\debug\gudistancepointbox.obj
d:\01-learning\06-physx\physx\physx\compiler\vc15win64\sdk_source_bin\physxcommon.dir\debug\guheightfield.obj
d:\01-learning\06-physx\physx\physx\compiler\vc15win64\sdk_source_bin\physxcommon.dir\debug\gubv4_aabbsweep.obj
d:\01-learning\06-physx\physx\physx\compiler\vc15win64\sdk_source_bin\physxcommon.dir\debug\gumidphasertree.obj
d:\01-learning\06-physx\physx\physx\compiler\vc15win64\sdk_source_bin\physxcommon.dir\debug\gupcmcontactcapsulemesh.obj
d:\01-learning\06-physx\physx\physx\compiler\vc15win64\sdk_source_bin\physxcommon.dir\debug\gupcmcontactspheremesh.obj
d:\01-learning\06-physx\physx\physx\compiler\vc15win64\sdk_source_bin\physxcommon.dir\debug\gusweepspherecapsule.obj
d:\01-learning\06-physx\physx\physx\compiler\vc15win64\sdk_source_bin\physxcommon.dir\debug\gusweeptriangleutils.obj
d:\01-learning\06-physx\physx\physx\compiler\vc15win64\sdk_source_bin\physxcommon.dir\debug\gumetadata.obj
d:\01-learning\06-physx\physx\physx\compiler\vc15win64\sdk_source_bin\physxcommon.dir\debug\gucontactcapsulecapsule.obj
d:\01-learning\06-physx\physx\physx\compiler\vc15win64\sdk_source_bin\physxcommon.dir\debug\gucontactsphereplane.obj
d:\01-learning\06-physx\physx\physx\compiler\vc15win64\sdk_source_bin\physxcommon.dir\debug\guepa.obj
d:\01-learning\06-physx\physx\physx\compiler\vc15win64\sdk_source_bin\physxcommon.dir\debug\gubv4build.obj
d:\01-learning\06-physx\physx\physx\compiler\vc15win64\sdk_source_bin\physxcommon.dir\debug\gurtree.obj
d:\01-learning\06-physx\physx\physx\compiler\vc15win64\sdk_source_bin\physxcommon.dir\debug\gupcmcontactcapsulebox.obj
d:\01-learning\06-physx\physx\physx\compiler\vc15win64\sdk_source_bin\physxcommon.dir\debug\gupcmcontactspherebox.obj
d:\01-learning\06-physx\physx\physx\compiler\vc15win64\sdk_source_bin\physxcommon.dir\debug\gusweepboxsphere.obj
d:\01-learning\06-physx\physx\physx\compiler\vc15win64\sdk_source_bin\physxcommon.dir\debug\cmradixsort.obj
d:\01-learning\06-physx\physx\physx\compiler\vc15win64\sdk_source_bin\physxcommon.dir\debug\cmvisualization.obj
d:\01-learning\06-physx\physx\physx\compiler\vc15win64\sdk_source_bin\physxcommon.dir\debug\gugeometryunion.obj
d:\01-learning\06-physx\physx\physx\compiler\vc15win64\sdk_source_bin\physxcommon.dir\debug\guccdsweepconvexmesh.obj
d:\01-learning\06-physx\physx\physx\compiler\vc15win64\sdk_source_bin\physxcommon.dir\debug\gucontactpolygonpolygon.obj
d:\01-learning\06-physx\physx\physx\compiler\vc15win64\sdk_source_bin\physxcommon.dir\debug\guconvexmesh.obj
d:\01-learning\06-physx\physx\physx\compiler\vc15win64\sdk_source_bin\physxcommon.dir\debug\guheightfieldutil.obj
d:\01-learning\06-physx\physx\physx\compiler\vc15win64\sdk_source_bin\physxcommon.dir\debug\gubv4_raycast.obj
d:\01-learning\06-physx\physx\physx\compiler\vc15win64\sdk_source_bin\physxcommon.dir\debug\gubv32build.obj
d:\01-learning\06-physx\physx\physx\compiler\vc15win64\sdk_source_bin\physxcommon.dir\debug\gupcmcontactgenboxconvex.obj
d:\01-learning\06-physx\physx\physx\compiler\vc15win64\sdk_source_bin\physxcommon.dir\debug\gupcmcontactsphereplane.obj
d:\01-learning\06-physx\physx\physx\compiler\vc15win64\sdk_source_bin\physxcommon.dir\debug\gusweepcapsulecapsule.obj
d:\01-learning\06-physx\physx\physx\compiler\vc15win64\sdk_source_bin\physxcommon.dir\debug\cmwindowsdelayloadhook.obj
d:\01-learning\06-physx\physx\physx\compiler\vc15win64\sdk_source_bin\physxcommon.dir\debug\guraycasttests.obj
d:\01-learning\06-physx\physx\physx\compiler\vc15win64\sdk_source_bin\physxcommon.dir\debug\gucontactcapsulebox.obj
d:\01-learning\06-physx\physx\physx\compiler\vc15win64\sdk_source_bin\physxcommon.dir\debug\gucontactspherecapsule.obj
d:\01-learning\06-physx\physx\physx\compiler\vc15win64\sdk_source_bin\physxcommon.dir\debug\gudistancesegmentbox.obj
d:\01-learning\06-physx\physx\physx\compiler\vc15win64\sdk_source_bin\physxcommon.dir\debug\gusweepshf.obj
d:\01-learning\06-physx\physx\physx\compiler\vc15win64\sdk_source_bin\physxcommon.dir\debug\gubv4_sphereoverlap.obj
d:\01-learning\06-physx\physx\physx\compiler\vc15win64\sdk_source_bin\physxcommon.dir\debug\gutrianglemeshbv4.obj
d:\01-learning\06-physx\physx\physx\compiler\vc15win64\sdk_source_bin\physxcommon.dir\debug\gupcmcontactconvexheightfield.obj
d:\01-learning\06-physx\physx\physx\compiler\vc15win64\sdk_source_bin\physxcommon.dir\debug\gupcmshapeconvex.obj
d:\01-learning\06-physx\physx\physx\compiler\vc15win64\sdk_source_bin\physxcommon.dir\debug\gusweepspheresphere.obj
d:\01-learning\06-physx\physx\physx\compiler\vc15win64\sdk_source_bin\physxcommon.dir\debug\gucctsweeptests.obj
d:\01-learning\06-physx\physx\physx\compiler\vc15win64\sdk_source_bin\physxcommon.dir\debug\guaabbtreebuild.obj
d:\01-learning\06-physx\physx\physx\compiler\vc15win64\sdk_source_bin\physxcommon.dir\debug\gucontactcapsulemesh.obj
d:\01-learning\06-physx\physx\physx\compiler\vc15win64\sdk_source_bin\physxcommon.dir\debug\guconvexutilsinternal.obj
d:\01-learning\06-physx\physx\physx\compiler\vc15win64\sdk_source_bin\physxcommon.dir\debug\guintersectionraybox.obj
d:\01-learning\06-physx\physx\physx\compiler\vc15win64\sdk_source_bin\physxcommon.dir\debug\gubv4_obbsweep.obj
d:\01-learning\06-physx\physx\physx\compiler\vc15win64\sdk_source_bin\physxcommon.dir\debug\gutrianglemeshrtree.obj
d:\01-learning\06-physx\physx\physx\compiler\vc15win64\sdk_source_bin\physxcommon.dir\debug\gupcmcontactconvexconvex.obj
d:\01-learning\06-physx\physx\physx\compiler\vc15win64\sdk_source_bin\physxcommon.dir\debug\gupcmcontactsphereheightfield.obj
d:\01-learning\06-physx\physx\physx\compiler\vc15win64\sdk_source_bin\physxcommon.dir\debug\gusweepspheretriangle.obj
d:\01-learning\06-physx\physx\physx\compiler\vc15win64\sdk_source_bin\physxcommon.dir\debug\gumeshfactory.obj
d:\01-learning\06-physx\physx\physx\compiler\vc15win64\sdk_source_bin\physxcommon.dir\debug\gucontactboxbox.obj
d:\01-learning\06-physx\physx\physx\compiler\vc15win64\sdk_source_bin\physxcommon.dir\debug\gucontactspherebox.obj
d:\01-learning\06-physx\physx\physx\compiler\vc15win64\sdk_source_bin\physxcommon.dir\debug\guhillclimbing.obj
d:\01-learning\06-physx\physx\physx\compiler\vc15win64\sdk_source_bin\physxcommon.dir\debug\gudistancesegmentsegment.obj
d:\01-learning\06-physx\physx\physx\compiler\vc15win64\sdk_source_bin\physxcommon.dir\debug\guintersectionedgeedge.obj
d:\01-learning\06-physx\physx\physx\compiler\vc15win64\sdk_source_bin\physxcommon.dir\debug\gubv4_capsulesweep.obj
d:\01-learning\06-physx\physx\physx\compiler\vc15win64\sdk_source_bin\physxcommon.dir\debug\gusweepsmesh.obj
d:\01-learning\06-physx\physx\physx\compiler\vc15win64\sdk_source_bin\physxcommon.dir\debug\gupcmcontactconvexmesh.obj
d:\01-learning\06-physx\physx\physx\compiler\vc15win64\sdk_source_bin\physxcommon.dir\debug\gupcmcontactspheresphere.obj
d:\01-learning\06-physx\physx\physx\compiler\vc15win64\sdk_source_bin\physxcommon.dir\debug\gusweepcapsuletriangle.obj
d:\01-learning\06-physx\physx\physx\compiler\vc15win64\sdk_source_bin\physxcommon.dir\debug\guinternal.obj
d:\01-learning\06-physx\physx\physx\compiler\vc15win64\sdk_source_bin\physxcommon.dir\debug\gusweeptests.obj
d:\01-learning\06-physx\physx\physx\compiler\vc15win64\sdk_source_bin\physxcommon.dir\debug\gucontactplaneconvex.obj
d:\01-learning\06-physx\physx\physx\compiler\vc15win64\sdk_source_bin\physxcommon.dir\debug\gushapeconvex.obj
d:\01-learning\06-physx\physx\physx\compiler\vc15win64\sdk_source_bin\physxcommon.dir\debug\guintersectionboxbox.obj
d:\01-learning\06-physx\physx\physx\compiler\vc15win64\sdk_source_bin\physxcommon.dir\debug\gubv4_boxoverlap.obj
d:\01-learning\06-physx\physx\physx\compiler\vc15win64\sdk_source_bin\physxcommon.dir\debug\gutrianglemesh.obj
d:\01-learning\06-physx\physx\physx\compiler\vc15win64\sdk_source_bin\physxcommon.dir\debug\gupcmcontactconvexcommon.obj
d:\01-learning\06-physx\physx\physx\compiler\vc15win64\sdk_source_bin\physxcommon.dir\debug\gupcmcontactspherecapsule.obj
d:\01-learning\06-physx\physx\physx\compiler\vc15win64\sdk_source_bin\physxcommon.dir\debug\gusweepcapsulebox.obj
d:\01-learning\06-physx\physx\physx\compiler\vc15win64\sdk_source_bin\physxcommon.dir\debug\cmrenderoutput.obj
d:\01-learning\06-physx\physx\physx\compiler\vc15win64\sdk_source_bin\physxcommon.dir\debug\guserialize.obj
d:\01-learning\06-physx\physx\physx\compiler\vc15win64\sdk_source_bin\physxcommon.dir\debug\gubvhstructure.obj
d:\01-learning\06-physx\physx\physx\compiler\vc15win64\sdk_source_bin\physxcommon.dir\debug\gucontactconvexconvex.obj
d:\01-learning\06-physx\physx\physx\compiler\vc15win64\sdk_source_bin\physxcommon.dir\debug\gucontactspheresphere.obj
d:\01-learning\06-physx\physx\physx\compiler\vc15win64\sdk_source_bin\physxcommon.dir\debug\gudistancesegmenttriangle.obj
d:\01-learning\06-physx\physx\physx\compiler\vc15win64\sdk_source_bin\physxcommon.dir\debug\guintersectionraycapsule.obj
d:\01-learning\06-physx\physx\physx\compiler\vc15win64\sdk_source_bin\physxcommon.dir\debug\guintersectionspherebox.obj
d:\01-learning\06-physx\physx\physx\compiler\vc15win64\sdk_source_bin\physxcommon.dir\debug\gumidphasebv4.obj
d:\01-learning\06-physx\physx\physx\compiler\vc15win64\sdk_source_bin\physxcommon.dir\debug\gubv32.obj
d:\01-learning\06-physx\physx\physx\compiler\vc15win64\sdk_source_bin\physxcommon.dir\debug\gupcmcontactcapsulecapsule.obj
d:\01-learning\06-physx\physx\physx\compiler\vc15win64\sdk_source_bin\physxcommon.dir\debug\gupcmcontactplaneconvex.obj
d:\01-learning\06-physx\physx\physx\compiler\vc15win64\sdk_source_bin\physxcommon.dir\debug\gusweepboxtriangle_featurebased.obj
d:\01-learning\06-physx\physx\physx\compiler\vc15win64\sdk_source_bin\physxcommon.dir\debug\cmcollection.obj
d:\01-learning\06-physx\physx\physx\compiler\vc15win64\sdk_source_bin\physxcommon.dir\debug\gubox.obj
d:\01-learning\06-physx\physx\physx\compiler\vc15win64\sdk_source_bin\physxcommon.dir\debug\guoverlaptests.obj
d:\01-learning\06-physx\physx\physx\compiler\vc15win64\sdk_source_bin\physxcommon.dir\debug\gubarycentriccoordinates.obj
d:\01-learning\06-physx\physx\physx\compiler\vc15win64\sdk_source_bin\physxcommon.dir\debug\gucontactconvexmesh.obj
d:\01-learning\06-physx\physx\physx\compiler\vc15win64\sdk_source_bin\physxcommon.dir\debug\gudistancepointtriangle.obj
d:\01-learning\06-physx\physx\physx\compiler\vc15win64\sdk_source_bin\physxcommon.dir\debug\guintersectioncapsuletriangle.obj
d:\01-learning\06-physx\physx\physx\compiler\vc15win64\sdk_source_bin\physxcommon.dir\debug\guintersectiontrianglebox.obj
d:\01-learning\06-physx\physx\physx\compiler\vc15win64\sdk_source_bin\physxcommon.dir\debug\guoverlaptestsmesh.obj
d:\01-learning\06-physx\physx\physx\compiler\vc15win64\sdk_source_bin\physxcommon.dir\debug\gupcmcontactcapsuleconvex.obj
d:\01-learning\06-physx\physx\physx\compiler\vc15win64\sdk_source_bin\physxcommon.dir\debug\gupcmcontactplanecapsule.obj
d:\01-learning\06-physx\physx\physx\compiler\vc15win64\sdk_source_bin\physxcommon.dir\debug\gupersistentcontactmanifold.obj
d:\01-learning\06-physx\physx\physx\compiler\vc15win64\sdk_source_bin\physxcommon.dir\debug\cmradixsortbuffered.obj
d:\01-learning\06-physx\physx\physx\compiler\vc15win64\sdk_source_bin\physxcommon.dir\debug\gubounds.obj
d:\01-learning\06-physx\physx\physx\compiler\vc15win64\sdk_source_bin\physxcommon.dir\debug\gusweepsharedtests.obj
d:\01-learning\06-physx\physx\physx\compiler\vc15win64\sdk_source_bin\physxcommon.dir\debug\gucontactplanecapsule.obj
d:\01-learning\06-physx\physx\physx\compiler\vc15win64\sdk_source_bin\physxcommon.dir\debug\guconvexsupporttable.obj
d:\01-learning\06-physx\physx\physx\compiler\vc15win64\sdk_source_bin\physxcommon.dir\debug\gugjktest.obj
d:\01-learning\06-physx\physx\physx\compiler\vc15win64\sdk_source_bin\physxcommon.dir\debug\gubv4_capsulesweepaa.obj
d:\01-learning\06-physx\physx\physx\compiler\vc15win64\sdk_source_bin\physxcommon.dir\debug\gurtreequeries.obj
d:\01-learning\06-physx\physx\physx\compiler\vc15win64\sdk_source_bin\physxcommon.dir\debug\gupcmcontactcapsuleheightfield.obj
d:\01-learning\06-physx\physx\physx\compiler\vc15win64\sdk_source_bin\physxcommon.dir\debug\gupcmcontactsphereconvex.obj
d:\01-learning\06-physx\physx\physx\compiler\vc15win64\sdk_source_bin\physxcommon.dir\debug\gusweepboxtriangle_sat.obj
d:\01-learning\06-physx\physx\physx\bin\win.x86_64.vc141.mt\debug\physxcommon_64.pdb
d:\01-learning\06-physx\physx\physx\compiler\vc15win64\sdk_source_bin\cmakefiles\generate.stamp
d:\01-learning\06-physx\physx\physx\bin\win.x86_64.vc141.mt\debug\physxcommon_64.dll
d:\01-learning\06-physx\physx\physx\bin\win.x86_64.vc141.mt\debug\physxcommon_64.map
d:\01-learning\06-physx\physx\physx\bin\win.x86_64.vc141.mt\debug\physxcommon_64.lib
d:\01-learning\06-physx\physx\physx\bin\win.x86_64.vc141.mt\debug\physxcommon_64.exp
d:\01-learning\06-physx\physx\physx\compiler\vc15win64\sdk_source_bin\physxcommon.dir\debug\physxcommon.res
d:\01-learning\06-physx\physx\physx\compiler\vc15win64\sdk_source_bin\physxcommon.dir\debug\physxcommon.tlog\cl.21420.write.1.tlog
d:\01-learning\06-physx\physx\physx\compiler\vc15win64\sdk_source_bin\physxcommon.dir\debug\physxcommon.tlog\cl.command.1.tlog
d:\01-learning\06-physx\physx\physx\compiler\vc15win64\sdk_source_bin\physxcommon.dir\debug\physxcommon.tlog\cl.read.1.tlog
d:\01-learning\06-physx\physx\physx\compiler\vc15win64\sdk_source_bin\physxcommon.dir\debug\physxcommon.tlog\custombuild.command.1.tlog
d:\01-learning\06-physx\physx\physx\compiler\vc15win64\sdk_source_bin\physxcommon.dir\debug\physxcommon.tlog\custombuild.read.1.tlog
d:\01-learning\06-physx\physx\physx\compiler\vc15win64\sdk_source_bin\physxcommon.dir\debug\physxcommon.tlog\custombuild.write.1.tlog
d:\01-learning\06-physx\physx\physx\compiler\vc15win64\sdk_source_bin\physxcommon.dir\debug\physxcommon.tlog\link.command.1.tlog
d:\01-learning\06-physx\physx\physx\compiler\vc15win64\sdk_source_bin\physxcommon.dir\debug\physxcommon.tlog\link.read.1.tlog
d:\01-learning\06-physx\physx\physx\compiler\vc15win64\sdk_source_bin\physxcommon.dir\debug\physxcommon.tlog\link.write.1.tlog
d:\01-learning\06-physx\physx\physx\compiler\vc15win64\sdk_source_bin\physxcommon.dir\debug\physxcommon.tlog\physxcommon.write.1u.tlog
d:\01-learning\06-physx\physx\physx\compiler\vc15win64\sdk_source_bin\physxcommon.dir\debug\physxcommon.tlog\rc.command.1.tlog
d:\01-learning\06-physx\physx\physx\compiler\vc15win64\sdk_source_bin\physxcommon.dir\debug\physxcommon.tlog\rc.read.1.tlog
d:\01-learning\06-physx\physx\physx\compiler\vc15win64\sdk_source_bin\physxcommon.dir\debug\physxcommon.tlog\rc.write.1.tlog
