d:\01-learning\06-physx\physx\physx\compiler\vc15win64\sdk_source_bin\lowlevel.dir\debug\pxccontactmethodimpl.obj
d:\01-learning\06-physx\physx\physx\compiler\vc15win64\sdk_source_bin\lowlevel.dir\debug\pxcnpmemblockpool.obj
d:\01-learning\06-physx\physx\physx\compiler\vc15win64\sdk_source_bin\lowlevel.dir\debug\pxsdefaultmemorymanager.obj
d:\01-learning\06-physx\physx\physx\compiler\vc15win64\sdk_source_bin\lowlevel.dir\debug\pxcmaterialmesh.obj
d:\01-learning\06-physx\physx\physx\compiler\vc15win64\sdk_source_bin\lowlevel.dir\debug\pxsmaterialcombiner.obj
d:\01-learning\06-physx\physx\physx\compiler\vc15win64\sdk_source_bin\lowlevel.dir\debug\pxccontactcache.obj
d:\01-learning\06-physx\physx\physx\compiler\vc15win64\sdk_source_bin\lowlevel.dir\debug\pxscontactmanager.obj
d:\01-learning\06-physx\physx\physx\compiler\vc15win64\sdk_source_bin\lowlevel.dir\debug\pxssimpleislandmanager.obj
d:\01-learning\06-physx\physx\physx\compiler\vc15win64\sdk_source_bin\lowlevel.dir\debug\pxsnphaseimplementationcontext.obj
d:\01-learning\06-physx\physx\physx\compiler\vc15win64\sdk_source_bin\lowlevel.dir\debug\pxcmaterialheightfield.obj
d:\01-learning\06-physx\physx\physx\compiler\vc15win64\sdk_source_bin\lowlevel.dir\debug\pxsccd.obj
d:\01-learning\06-physx\physx\physx\compiler\vc15win64\sdk_source_bin\lowlevel.dir\debug\pxcmaterialmethodimpl.obj
d:\01-learning\06-physx\physx\physx\compiler\vc15win64\sdk_source_bin\lowlevel.dir\debug\pxcnpcontactprepshared.obj
d:\01-learning\06-physx\physx\physx\compiler\vc15win64\sdk_source_bin\lowlevel.dir\debug\px_globals.obj
d:\01-learning\06-physx\physx\physx\compiler\vc15win64\sdk_source_bin\lowlevel.dir\debug\pxscontext.obj
d:\01-learning\06-physx\physx\physx\compiler\vc15win64\sdk_source_bin\lowlevel.dir\debug\pxcnpbatch.obj
d:\01-learning\06-physx\physx\physx\compiler\vc15win64\sdk_source_bin\lowlevel.dir\debug\pxcnpcachestreampair.obj
d:\01-learning\06-physx\physx\physx\compiler\vc15win64\sdk_source_bin\lowlevel.dir\debug\pxcnpthreadcontext.obj
d:\01-learning\06-physx\physx\physx\compiler\vc15win64\sdk_source_bin\lowlevel.dir\debug\pxcmaterialshape.obj
d:\01-learning\06-physx\physx\physx\compiler\vc15win64\sdk_source_bin\lowlevel.dir\debug\pxsislandsim.obj
d:\01-learning\06-physx\physx\physx\bin\win.x86_64.vc141.mt\debug\lowlevel_static_64.pdb
d:\01-learning\06-physx\physx\physx\compiler\vc15win64\sdk_source_bin\cmakefiles\generate.stamp
d:\01-learning\06-physx\physx\physx\bin\win.x86_64.vc141.mt\debug\lowlevel_static_64.lib
d:\01-learning\06-physx\physx\physx\compiler\vc15win64\sdk_source_bin\lowlevel.dir\debug\lowlevel.tlog\cl.23144.write.1.tlog
d:\01-learning\06-physx\physx\physx\compiler\vc15win64\sdk_source_bin\lowlevel.dir\debug\lowlevel.tlog\cl.command.1.tlog
d:\01-learning\06-physx\physx\physx\compiler\vc15win64\sdk_source_bin\lowlevel.dir\debug\lowlevel.tlog\cl.read.1.tlog
d:\01-learning\06-physx\physx\physx\compiler\vc15win64\sdk_source_bin\lowlevel.dir\debug\lowlevel.tlog\custombuild.command.1.tlog
d:\01-learning\06-physx\physx\physx\compiler\vc15win64\sdk_source_bin\lowlevel.dir\debug\lowlevel.tlog\custombuild.read.1.tlog
d:\01-learning\06-physx\physx\physx\compiler\vc15win64\sdk_source_bin\lowlevel.dir\debug\lowlevel.tlog\custombuild.write.1.tlog
d:\01-learning\06-physx\physx\physx\compiler\vc15win64\sdk_source_bin\lowlevel.dir\debug\lowlevel.tlog\lib-link.read.1.tlog
d:\01-learning\06-physx\physx\physx\compiler\vc15win64\sdk_source_bin\lowlevel.dir\debug\lowlevel.tlog\lib-link.write.1.tlog
d:\01-learning\06-physx\physx\physx\compiler\vc15win64\sdk_source_bin\lowlevel.dir\debug\lowlevel.tlog\lib.command.1.tlog
