  Building Custom Rule D:/01-Learning/06-PhysX/PhysX/physx/source/compiler/cmake/CMakeLists.txt
  px_globals.cpp
  PxcContactCache.cpp
  PxcContactMethodImpl.cpp
  PxcMaterialHeightField.cpp
  PxcMaterialMesh.cpp
  PxcMaterialMethodImpl.cpp
  PxcMaterialShape.cpp
  PxcNpBatch.cpp
  PxcNpCacheStreamPair.cpp
  PxcNpContactPrepShared.cpp
  PxcNpMemBlockPool.cpp
  PxcNpThreadContext.cpp
  PxsCCD.cpp
  PxsContactManager.cpp
  PxsContext.cpp
  PxsDefaultMemoryManager.cpp
  PxsIslandSim.cpp
  PxsMaterialCombiner.cpp
  PxsNphaseImplementationContext.cpp
  PxsSimpleIslandManager.cpp
  LowLevel.vcxproj -> D:\01-Learning\06-PhysX\PhysX\physx\bin\win.x86_64.vc141.mt\debug\LowLevel_static_64.lib
