d:\01-learning\06-physx\physx\physx\compiler\vc15win64\sdk_snippets_bin\snippetvehiclescale.dir\debug\snippetvehicle4wcreate.obj
d:\01-learning\06-physx\physx\physx\compiler\vc15win64\sdk_snippets_bin\snippetvehiclescale.dir\debug\snippetvehiclenodrivecreate.obj
d:\01-learning\06-physx\physx\physx\compiler\vc15win64\sdk_snippets_bin\snippetvehiclescale.dir\debug\snippetvehicletirefriction.obj
d:\01-learning\06-physx\physx\physx\compiler\vc15win64\sdk_snippets_bin\snippetvehiclescale.dir\debug\snippetvehiclescale.obj
d:\01-learning\06-physx\physx\physx\compiler\vc15win64\sdk_snippets_bin\snippetvehiclescale.dir\debug\snippetvehiclescenequery.obj
d:\01-learning\06-physx\physx\physx\compiler\vc15win64\sdk_snippets_bin\snippetvehiclescale.dir\debug\snippetvehiclefiltershader.obj
d:\01-learning\06-physx\physx\physx\compiler\vc15win64\sdk_snippets_bin\snippetvehiclescale.dir\debug\snippetvehiclescalerender.obj
d:\01-learning\06-physx\physx\physx\compiler\vc15win64\sdk_snippets_bin\snippetvehiclescale.dir\debug\classicmain.obj
d:\01-learning\06-physx\physx\physx\compiler\vc15win64\sdk_snippets_bin\snippetvehiclescale.dir\debug\snippetvehiclecreate.obj
d:\01-learning\06-physx\physx\physx\compiler\vc15win64\sdk_snippets_bin\snippetvehiclescale.dir\debug\snippetvehicletankcreate.obj
d:\01-learning\06-physx\physx\physx\compiler\vc15win64\sdk_snippets_bin\snippetvehiclescale.dir\debug\vc141.pdb
d:\01-learning\06-physx\physx\physx\compiler\vc15win64\sdk_snippets_bin\cmakefiles\generate.stamp
d:\01-learning\06-physx\physx\physx\bin\win.x86_64.vc141.mt\debug\snippetvehiclescale_64.ilk
d:\01-learning\06-physx\physx\physx\bin\win.x86_64.vc141.mt\debug\snippetvehiclescale_64.exe
d:\01-learning\06-physx\physx\physx\bin\win.x86_64.vc141.mt\debug\snippetvehiclescale_64.pdb
d:\01-learning\06-physx\physx\physx\compiler\vc15win64\sdk_snippets_bin\snippetvehiclescale.dir\debug\snippetv.01ed3653.tlog\cl.13064.write.1.tlog
d:\01-learning\06-physx\physx\physx\compiler\vc15win64\sdk_snippets_bin\snippetvehiclescale.dir\debug\snippetv.01ed3653.tlog\cl.command.1.tlog
d:\01-learning\06-physx\physx\physx\compiler\vc15win64\sdk_snippets_bin\snippetvehiclescale.dir\debug\snippetv.01ed3653.tlog\cl.read.1.tlog
d:\01-learning\06-physx\physx\physx\compiler\vc15win64\sdk_snippets_bin\snippetvehiclescale.dir\debug\snippetv.01ed3653.tlog\custombuild.command.1.tlog
d:\01-learning\06-physx\physx\physx\compiler\vc15win64\sdk_snippets_bin\snippetvehiclescale.dir\debug\snippetv.01ed3653.tlog\custombuild.read.1.tlog
d:\01-learning\06-physx\physx\physx\compiler\vc15win64\sdk_snippets_bin\snippetvehiclescale.dir\debug\snippetv.01ed3653.tlog\custombuild.write.1.tlog
d:\01-learning\06-physx\physx\physx\compiler\vc15win64\sdk_snippets_bin\snippetvehiclescale.dir\debug\snippetv.01ed3653.tlog\link.command.1.tlog
d:\01-learning\06-physx\physx\physx\compiler\vc15win64\sdk_snippets_bin\snippetvehiclescale.dir\debug\snippetv.01ed3653.tlog\link.read.1.tlog
d:\01-learning\06-physx\physx\physx\compiler\vc15win64\sdk_snippets_bin\snippetvehiclescale.dir\debug\snippetv.01ed3653.tlog\link.write.1.tlog
