d:\01-learning\06-physx\physx\physx\compiler\vc15win64\sdk_samples_bin\samplerenderer.dir\debug\nullrenderertexture2d.obj
d:\01-learning\06-physx\physx\physx\compiler\vc15win64\sdk_samples_bin\samplerenderer.dir\debug\oglrendererdirectionallight.obj
d:\01-learning\06-physx\physx\physx\compiler\vc15win64\sdk_samples_bin\samplerenderer.dir\debug\rendererlight.obj
d:\01-learning\06-physx\physx\physx\compiler\vc15win64\sdk_samples_bin\samplerenderer.dir\debug\renderertexturedesc.obj
d:\01-learning\06-physx\physx\physx\compiler\vc15win64\sdk_samples_bin\samplerenderer.dir\debug\nullrendererinstancebuffer.obj
d:\01-learning\06-physx\physx\physx\compiler\vc15win64\sdk_samples_bin\samplerenderer.dir\debug\d3d11rendererspotlight.obj
d:\01-learning\06-physx\physx\physx\compiler\vc15win64\sdk_samples_bin\samplerenderer.dir\debug\rendererdirectionallight.obj
d:\01-learning\06-physx\physx\physx\compiler\vc15win64\sdk_samples_bin\samplerenderer.dir\debug\renderermaterialdesc.obj
d:\01-learning\06-physx\physx\physx\compiler\vc15win64\sdk_samples_bin\samplerenderer.dir\debug\renderertexture2d.obj
d:\01-learning\06-physx\physx\physx\compiler\vc15win64\sdk_samples_bin\samplerenderer.dir\debug\nullrendererdirectionallight.obj
d:\01-learning\06-physx\physx\physx\compiler\vc15win64\sdk_samples_bin\samplerenderer.dir\debug\oglrenderermesh.obj
d:\01-learning\06-physx\physx\physx\compiler\vc15win64\sdk_samples_bin\samplerenderer.dir\debug\rendererindexbuffer.obj
d:\01-learning\06-physx\physx\physx\compiler\vc15win64\sdk_samples_bin\samplerenderer.dir\debug\renderermesh.obj
d:\01-learning\06-physx\physx\physx\compiler\vc15win64\sdk_samples_bin\samplerenderer.dir\debug\nullrendererindexbuffer.obj
d:\01-learning\06-physx\physx\physx\compiler\vc15win64\sdk_samples_bin\samplerenderer.dir\debug\d3d11renderertarget.obj
d:\01-learning\06-physx\physx\physx\compiler\vc15win64\sdk_samples_bin\samplerenderer.dir\debug\oglrendererinstancebuffer.obj
d:\01-learning\06-physx\physx\physx\compiler\vc15win64\sdk_samples_bin\samplerenderer.dir\debug\rendererboxshape.obj
d:\01-learning\06-physx\physx\physx\compiler\vc15win64\sdk_samples_bin\samplerenderer.dir\debug\renderermaterial.obj
d:\01-learning\06-physx\physx\physx\compiler\vc15win64\sdk_samples_bin\samplerenderer.dir\debug\renderertexture2ddesc.obj
d:\01-learning\06-physx\physx\physx\compiler\vc15win64\sdk_samples_bin\samplerenderer.dir\debug\nullrenderer.obj
d:\01-learning\06-physx\physx\physx\compiler\vc15win64\sdk_samples_bin\samplerenderer.dir\debug\d3d11renderertexture3d.obj
d:\01-learning\06-physx\physx\physx\compiler\vc15win64\sdk_samples_bin\samplerenderer.dir\debug\oglrendererspotlight.obj
d:\01-learning\06-physx\physx\physx\compiler\vc15win64\sdk_samples_bin\samplerenderer.dir\debug\rendererdesc.obj
d:\01-learning\06-physx\physx\physx\compiler\vc15win64\sdk_samples_bin\samplerenderer.dir\debug\renderermeshdesc.obj
d:\01-learning\06-physx\physx\physx\compiler\vc15win64\sdk_samples_bin\samplerenderer.dir\debug\renderertargetdesc.obj
d:\01-learning\06-physx\physx\physx\compiler\vc15win64\sdk_samples_bin\samplerenderer.dir\debug\rendererwindow.obj
d:\01-learning\06-physx\physx\physx\compiler\vc15win64\sdk_samples_bin\samplerenderer.dir\debug\d3d11rendererinstancebuffer.obj
d:\01-learning\06-physx\physx\physx\compiler\vc15win64\sdk_samples_bin\samplerenderer.dir\debug\oglrendererindexbuffer.obj
d:\01-learning\06-physx\physx\physx\compiler\vc15win64\sdk_samples_bin\samplerenderer.dir\debug\oglrenderervertexbuffer.obj
d:\01-learning\06-physx\physx\physx\compiler\vc15win64\sdk_samples_bin\samplerenderer.dir\debug\rendererlightdesc.obj
d:\01-learning\06-physx\physx\physx\compiler\vc15win64\sdk_samples_bin\samplerenderer.dir\debug\rendererspotlightdesc.obj
d:\01-learning\06-physx\physx\physx\compiler\vc15win64\sdk_samples_bin\samplerenderer.dir\debug\nullrenderermesh.obj
d:\01-learning\06-physx\physx\physx\compiler\vc15win64\sdk_samples_bin\samplerenderer.dir\debug\d3d11renderertexture2d.obj
d:\01-learning\06-physx\physx\physx\compiler\vc15win64\sdk_samples_bin\samplerenderer.dir\debug\rendererdirectionallightdesc.obj
d:\01-learning\06-physx\physx\physx\compiler\vc15win64\sdk_samples_bin\samplerenderer.dir\debug\renderermeshcontext.obj
d:\01-learning\06-physx\physx\physx\compiler\vc15win64\sdk_samples_bin\samplerenderer.dir\debug\renderertexture.obj
d:\01-learning\06-physx\physx\physx\compiler\vc15win64\sdk_samples_bin\samplerenderer.dir\debug\rendererinstancebuffer.obj
d:\01-learning\06-physx\physx\physx\compiler\vc15win64\sdk_samples_bin\samplerenderer.dir\debug\rendererprojection.obj
d:\01-learning\06-physx\physx\physx\compiler\vc15win64\sdk_samples_bin\samplerenderer.dir\debug\renderervertexbufferdesc.obj
d:\01-learning\06-physx\physx\physx\compiler\vc15win64\sdk_samples_bin\samplerenderer.dir\debug\nullrenderermaterial.obj
d:\01-learning\06-physx\physx\physx\compiler\vc15win64\sdk_samples_bin\samplerenderer.dir\debug\d3d11rendererdirectionallight.obj
d:\01-learning\06-physx\physx\physx\compiler\vc15win64\sdk_samples_bin\samplerenderer.dir\debug\d3d11renderervertexbuffer.obj
d:\01-learning\06-physx\physx\physx\compiler\vc15win64\sdk_samples_bin\samplerenderer.dir\debug\rendererindexbufferdesc.obj
d:\01-learning\06-physx\physx\physx\compiler\vc15win64\sdk_samples_bin\samplerenderer.dir\debug\renderermaterialinstance.obj
d:\01-learning\06-physx\physx\physx\compiler\vc15win64\sdk_samples_bin\samplerenderer.dir\debug\renderertarget.obj
d:\01-learning\06-physx\physx\physx\compiler\vc15win64\sdk_samples_bin\samplerenderer.dir\debug\rendererterrainshape.obj
d:\01-learning\06-physx\physx\physx\compiler\vc15win64\sdk_samples_bin\samplerenderer.dir\debug\nullrendererspotlight.obj
d:\01-learning\06-physx\physx\physx\compiler\vc15win64\sdk_samples_bin\samplerenderer.dir\debug\renderercapsuleshape.obj
d:\01-learning\06-physx\physx\physx\compiler\vc15win64\sdk_samples_bin\samplerenderer.dir\debug\rendererspotlight.obj
d:\01-learning\06-physx\physx\physx\compiler\vc15win64\sdk_samples_bin\samplerenderer.dir\debug\nullrenderervertexbuffer.obj
d:\01-learning\06-physx\physx\physx\compiler\vc15win64\sdk_samples_bin\samplerenderer.dir\debug\oglrenderer.obj
d:\01-learning\06-physx\physx\physx\compiler\vc15win64\sdk_samples_bin\samplerenderer.dir\debug\oglrenderertexture2d.obj
d:\01-learning\06-physx\physx\physx\compiler\vc15win64\sdk_samples_bin\samplerenderer.dir\debug\renderergridshape.obj
d:\01-learning\06-physx\physx\physx\compiler\vc15win64\sdk_samples_bin\samplerenderer.dir\debug\renderershape.obj
d:\01-learning\06-physx\physx\physx\compiler\vc15win64\sdk_samples_bin\samplerenderer.dir\debug\renderervertexbuffer.obj
d:\01-learning\06-physx\physx\physx\compiler\vc15win64\sdk_samples_bin\samplerenderer.dir\debug\d3d11rendererindexbuffer.obj
d:\01-learning\06-physx\physx\physx\compiler\vc15win64\sdk_samples_bin\samplerenderer.dir\debug\oglrenderermaterial.obj
d:\01-learning\06-physx\physx\physx\compiler\vc15win64\sdk_samples_bin\samplerenderer.dir\debug\renderercolor.obj
d:\01-learning\06-physx\physx\physx\compiler\vc15win64\sdk_samples_bin\samplerenderer.dir\debug\rendererinstancebufferdesc.obj
d:\01-learning\06-physx\physx\physx\compiler\vc15win64\sdk_samples_bin\samplerenderer.dir\debug\renderermeshshape.obj
d:\01-learning\06-physx\physx\physx\compiler\vc15win64\sdk_samples_bin\cmakefiles\generate.stamp
d:\01-learning\06-physx\physx\physx\compiler\vc15win64\sdk_samples_bin\samplerenderer.dir\debug\samplerenderer.tlog\cl.11076.write.1.tlog
d:\01-learning\06-physx\physx\physx\compiler\vc15win64\sdk_samples_bin\samplerenderer.dir\debug\samplerenderer.tlog\cl.command.1.tlog
d:\01-learning\06-physx\physx\physx\compiler\vc15win64\sdk_samples_bin\samplerenderer.dir\debug\samplerenderer.tlog\cl.read.1.tlog
d:\01-learning\06-physx\physx\physx\compiler\vc15win64\sdk_samples_bin\samplerenderer.dir\debug\samplerenderer.tlog\custombuild.command.1.tlog
d:\01-learning\06-physx\physx\physx\compiler\vc15win64\sdk_samples_bin\samplerenderer.dir\debug\samplerenderer.tlog\custombuild.read.1.tlog
d:\01-learning\06-physx\physx\physx\compiler\vc15win64\sdk_samples_bin\samplerenderer.dir\debug\samplerenderer.tlog\custombuild.write.1.tlog
