d:\01-learning\06-physx\physx\physx\compiler\vc15win64\sdk_source_bin\physxextensions.dir\debug\extd6jointcreate.obj
d:\01-learning\06-physx\physx\physx\compiler\vc15win64\sdk_source_bin\physxextensions.dir\debug\extmetadata.obj
d:\01-learning\06-physx\physx\physx\compiler\vc15win64\sdk_source_bin\physxextensions.dir\debug\snxmlserialization.obj
d:\01-learning\06-physx\physx\physx\compiler\vc15win64\sdk_source_bin\physxextensions.dir\debug\extbroadphase.obj
d:\01-learning\06-physx\physx\physx\compiler\vc15win64\sdk_source_bin\physxextensions.dir\debug\extprismaticjoint.obj
d:\01-learning\06-physx\physx\physx\compiler\vc15win64\sdk_source_bin\physxextensions.dir\debug\snrepxcoreserializer.obj
d:\01-learning\06-physx\physx\physx\compiler\vc15win64\sdk_source_bin\physxextensions.dir\debug\extcpuworkerthread.obj
d:\01-learning\06-physx\physx\physx\compiler\vc15win64\sdk_source_bin\physxextensions.dir\debug\extpvd.obj
d:\01-learning\06-physx\physx\physx\compiler\vc15win64\sdk_source_bin\physxextensions.dir\debug\snconvx.obj
d:\01-learning\06-physx\physx\physx\compiler\vc15win64\sdk_source_bin\physxextensions.dir\debug\extconvexmeshext.obj
d:\01-learning\06-physx\physx\physx\compiler\vc15win64\sdk_source_bin\physxextensions.dir\debug\extextensions.obj
d:\01-learning\06-physx\physx\physx\compiler\vc15win64\sdk_source_bin\physxextensions.dir\debug\extdefaultcpudispatcher.obj
d:\01-learning\06-physx\physx\physx\compiler\vc15win64\sdk_source_bin\physxextensions.dir\debug\extjoint.obj
d:\01-learning\06-physx\physx\physx\compiler\vc15win64\sdk_source_bin\physxextensions.dir\debug\snserialization.obj
d:\01-learning\06-physx\physx\physx\compiler\vc15win64\sdk_source_bin\physxextensions.dir\debug\snconvx_union.obj
d:\01-learning\06-physx\physx\physx\compiler\vc15win64\sdk_source_bin\physxextensions.dir\debug\extcollection.obj
d:\01-learning\06-physx\physx\physx\compiler\vc15win64\sdk_source_bin\physxextensions.dir\debug\extraycastccd.obj
d:\01-learning\06-physx\physx\physx\compiler\vc15win64\sdk_source_bin\physxextensions.dir\debug\extrigidactorext.obj
d:\01-learning\06-physx\physx\physx\compiler\vc15win64\sdk_source_bin\physxextensions.dir\debug\extscenequeryext.obj
d:\01-learning\06-physx\physx\physx\compiler\vc15win64\sdk_source_bin\physxextensions.dir\debug\extsimplefactory.obj
d:\01-learning\06-physx\physx\physx\compiler\vc15win64\sdk_source_bin\physxextensions.dir\debug\snbinarydeserialization.obj
d:\01-learning\06-physx\physx\physx\compiler\vc15win64\sdk_source_bin\physxextensions.dir\debug\snconvx_metadata.obj
d:\01-learning\06-physx\physx\physx\compiler\vc15win64\sdk_source_bin\physxextensions.dir\debug\extdefaulterrorcallback.obj
d:\01-learning\06-physx\physx\physx\compiler\vc15win64\sdk_source_bin\physxextensions.dir\debug\extfixedjoint.obj
d:\01-learning\06-physx\physx\physx\compiler\vc15win64\sdk_source_bin\physxextensions.dir\debug\snserializationregistry.obj
d:\01-learning\06-physx\physx\physx\compiler\vc15win64\sdk_source_bin\physxextensions.dir\debug\snconvx_align.obj
d:\01-learning\06-physx\physx\physx\compiler\vc15win64\sdk_source_bin\physxextensions.dir\debug\snconvx_error.obj
d:\01-learning\06-physx\physx\physx\compiler\vc15win64\sdk_source_bin\physxextensions.dir\debug\extdefaultsimulationfiltershader.obj
d:\01-learning\06-physx\physx\physx\compiler\vc15win64\sdk_source_bin\physxextensions.dir\debug\extrevolutejoint.obj
d:\01-learning\06-physx\physx\physx\compiler\vc15win64\sdk_source_bin\physxextensions.dir\debug\snrepxupgrader.obj
d:\01-learning\06-physx\physx\physx\compiler\vc15win64\sdk_source_bin\physxextensions.dir\debug\snconvx_convert.obj
d:\01-learning\06-physx\physx\physx\compiler\vc15win64\sdk_source_bin\physxextensions.dir\debug\extdefaultstreams.obj
d:\01-learning\06-physx\physx\physx\compiler\vc15win64\sdk_source_bin\physxextensions.dir\debug\extpxstringtable.obj
d:\01-learning\06-physx\physx\physx\compiler\vc15win64\sdk_source_bin\physxextensions.dir\debug\extrigidbodyext.obj
d:\01-learning\06-physx\physx\physx\compiler\vc15win64\sdk_source_bin\physxextensions.dir\debug\extsphericaljoint.obj
d:\01-learning\06-physx\physx\physx\compiler\vc15win64\sdk_source_bin\physxextensions.dir\debug\extd6joint.obj
d:\01-learning\06-physx\physx\physx\compiler\vc15win64\sdk_source_bin\physxextensions.dir\debug\pxextensionautogeneratedmetadataobjects.obj
d:\01-learning\06-physx\physx\physx\compiler\vc15win64\sdk_source_bin\physxextensions.dir\debug\snconvx_output.obj
d:\01-learning\06-physx\physx\physx\compiler\vc15win64\sdk_source_bin\physxextensions.dir\debug\extcontactjoint.obj
d:\01-learning\06-physx\physx\physx\compiler\vc15win64\sdk_source_bin\physxextensions.dir\debug\extsmoothnormals.obj
d:\01-learning\06-physx\physx\physx\compiler\vc15win64\sdk_source_bin\physxextensions.dir\debug\snjointrepxserializer.obj
d:\01-learning\06-physx\physx\physx\compiler\vc15win64\sdk_source_bin\physxextensions.dir\debug\extdistancejoint.obj
d:\01-learning\06-physx\physx\physx\compiler\vc15win64\sdk_source_bin\physxextensions.dir\debug\exttrianglemeshext.obj
d:\01-learning\06-physx\physx\physx\compiler\vc15win64\sdk_source_bin\physxextensions.dir\debug\snserialutils.obj
d:\01-learning\06-physx\physx\physx\compiler\vc15win64\sdk_source_bin\physxextensions.dir\debug\snbinaryserialization.obj
d:\01-learning\06-physx\physx\physx\compiler\vc15win64\sdk_source_bin\physxextensions.dir\debug\snserializationcontext.obj
d:\01-learning\06-physx\physx\physx\bin\win.x86_64.vc141.mt\debug\physxextensions_static_64.pdb
d:\01-learning\06-physx\physx\physx\compiler\vc15win64\sdk_source_bin\cmakefiles\generate.stamp
d:\01-learning\06-physx\physx\physx\bin\win.x86_64.vc141.mt\debug\physxextensions_static_64.lib
d:\01-learning\06-physx\physx\physx\compiler\vc15win64\sdk_source_bin\physxextensions.dir\debug\physxextensions.tlog\cl.11116.write.1.tlog
d:\01-learning\06-physx\physx\physx\compiler\vc15win64\sdk_source_bin\physxextensions.dir\debug\physxextensions.tlog\cl.command.1.tlog
d:\01-learning\06-physx\physx\physx\compiler\vc15win64\sdk_source_bin\physxextensions.dir\debug\physxextensions.tlog\cl.read.1.tlog
d:\01-learning\06-physx\physx\physx\compiler\vc15win64\sdk_source_bin\physxextensions.dir\debug\physxextensions.tlog\custombuild.command.1.tlog
d:\01-learning\06-physx\physx\physx\compiler\vc15win64\sdk_source_bin\physxextensions.dir\debug\physxextensions.tlog\custombuild.read.1.tlog
d:\01-learning\06-physx\physx\physx\compiler\vc15win64\sdk_source_bin\physxextensions.dir\debug\physxextensions.tlog\custombuild.write.1.tlog
d:\01-learning\06-physx\physx\physx\compiler\vc15win64\sdk_source_bin\physxextensions.dir\debug\physxextensions.tlog\lib-link.read.1.tlog
d:\01-learning\06-physx\physx\physx\compiler\vc15win64\sdk_source_bin\physxextensions.dir\debug\physxextensions.tlog\lib-link.write.1.tlog
d:\01-learning\06-physx\physx\physx\compiler\vc15win64\sdk_source_bin\physxextensions.dir\debug\physxextensions.tlog\lib.command.1.tlog
