d:\01-learning\06-physx\physx\physx\compiler\vc15win64\sdk_source_bin\physxcooking.dir\debug\meshcleaner.obj
d:\01-learning\06-physx\physx\physx\compiler\vc15win64\sdk_source_bin\physxcooking.dir\debug\convexhullutils.obj
d:\01-learning\06-physx\physx\physx\compiler\vc15win64\sdk_source_bin\physxcooking.dir\debug\quantizer.obj
d:\01-learning\06-physx\physx\physx\compiler\vc15win64\sdk_source_bin\physxcooking.dir\debug\convexhullbuilder.obj
d:\01-learning\06-physx\physx\physx\compiler\vc15win64\sdk_source_bin\physxcooking.dir\debug\cookingutils.obj
d:\01-learning\06-physx\physx\physx\compiler\vc15win64\sdk_source_bin\physxcooking.dir\debug\convexhulllib.obj
d:\01-learning\06-physx\physx\physx\compiler\vc15win64\sdk_source_bin\physxcooking.dir\debug\heightfieldcooking.obj
d:\01-learning\06-physx\physx\physx\compiler\vc15win64\sdk_source_bin\physxcooking.dir\debug\quickhullconvexhulllib.obj
d:\01-learning\06-physx\physx\physx\compiler\vc15win64\sdk_source_bin\physxcooking.dir\debug\rtreecooking.obj
d:\01-learning\06-physx\physx\physx\compiler\vc15win64\sdk_source_bin\physxcooking.dir\debug\edgelist.obj
d:\01-learning\06-physx\physx\physx\compiler\vc15win64\sdk_source_bin\physxcooking.dir\debug\convexpolygonsbuilder.obj
d:\01-learning\06-physx\physx\physx\compiler\vc15win64\sdk_source_bin\physxcooking.dir\debug\trianglemeshbuilder.obj
d:\01-learning\06-physx\physx\physx\compiler\vc15win64\sdk_source_bin\physxcooking.dir\debug\cooking.obj
d:\01-learning\06-physx\physx\physx\compiler\vc15win64\sdk_source_bin\physxcooking.dir\debug\meshbuilder.obj
d:\01-learning\06-physx\physx\physx\compiler\vc15win64\sdk_source_bin\physxcooking.dir\debug\windowscookingdelayloadhook.obj
d:\01-learning\06-physx\physx\physx\compiler\vc15win64\sdk_source_bin\physxcooking.dir\debug\bvhstructurebuilder.obj
d:\01-learning\06-physx\physx\physx\compiler\vc15win64\sdk_source_bin\physxcooking.dir\debug\volumeintegration.obj
d:\01-learning\06-physx\physx\physx\compiler\vc15win64\sdk_source_bin\physxcooking.dir\debug\adjacencies.obj
d:\01-learning\06-physx\physx\physx\compiler\vc15win64\sdk_source_bin\physxcooking.dir\debug\convexmeshbuilder.obj
d:\01-learning\06-physx\physx\physx\compiler\vc15win64\sdk_source_bin\physxcooking.dir\debug\grbtrianglemeshcooking.obj
d:\01-learning\06-physx\physx\physx\compiler\vc15win64\sdk_source_bin\physxcooking.dir\debug\bigconvexdatabuilder.obj
d:\01-learning\06-physx\physx\physx\bin\win.x86_64.vc141.mt\debug\physxcooking_64.pdb
d:\01-learning\06-physx\physx\physx\compiler\vc15win64\sdk_source_bin\cmakefiles\generate.stamp
d:\01-learning\06-physx\physx\physx\bin\win.x86_64.vc141.mt\debug\physxcooking_64.dll
d:\01-learning\06-physx\physx\physx\bin\win.x86_64.vc141.mt\debug\physxcooking_64.map
d:\01-learning\06-physx\physx\physx\bin\win.x86_64.vc141.mt\debug\physxcooking_64.lib
d:\01-learning\06-physx\physx\physx\bin\win.x86_64.vc141.mt\debug\physxcooking_64.exp
d:\01-learning\06-physx\physx\physx\compiler\vc15win64\sdk_source_bin\physxcooking.dir\debug\physxcooking.res
d:\01-learning\06-physx\physx\physx\compiler\vc15win64\sdk_source_bin\physxcooking.dir\debug\physxcooking.tlog\cl.13196.write.1.tlog
d:\01-learning\06-physx\physx\physx\compiler\vc15win64\sdk_source_bin\physxcooking.dir\debug\physxcooking.tlog\cl.command.1.tlog
d:\01-learning\06-physx\physx\physx\compiler\vc15win64\sdk_source_bin\physxcooking.dir\debug\physxcooking.tlog\cl.read.1.tlog
d:\01-learning\06-physx\physx\physx\compiler\vc15win64\sdk_source_bin\physxcooking.dir\debug\physxcooking.tlog\custombuild.command.1.tlog
d:\01-learning\06-physx\physx\physx\compiler\vc15win64\sdk_source_bin\physxcooking.dir\debug\physxcooking.tlog\custombuild.read.1.tlog
d:\01-learning\06-physx\physx\physx\compiler\vc15win64\sdk_source_bin\physxcooking.dir\debug\physxcooking.tlog\custombuild.write.1.tlog
d:\01-learning\06-physx\physx\physx\compiler\vc15win64\sdk_source_bin\physxcooking.dir\debug\physxcooking.tlog\link.command.1.tlog
d:\01-learning\06-physx\physx\physx\compiler\vc15win64\sdk_source_bin\physxcooking.dir\debug\physxcooking.tlog\link.read.1.tlog
d:\01-learning\06-physx\physx\physx\compiler\vc15win64\sdk_source_bin\physxcooking.dir\debug\physxcooking.tlog\link.write.1.tlog
d:\01-learning\06-physx\physx\physx\compiler\vc15win64\sdk_source_bin\physxcooking.dir\debug\physxcooking.tlog\physxcooking.write.1u.tlog
d:\01-learning\06-physx\physx\physx\compiler\vc15win64\sdk_source_bin\physxcooking.dir\debug\physxcooking.tlog\rc.command.1.tlog
d:\01-learning\06-physx\physx\physx\compiler\vc15win64\sdk_source_bin\physxcooking.dir\debug\physxcooking.tlog\rc.read.1.tlog
d:\01-learning\06-physx\physx\physx\compiler\vc15win64\sdk_source_bin\physxcooking.dir\debug\physxcooking.tlog\rc.write.1.tlog
