  Building Custom Rule D:/01-Learning/06-PhysX/PhysX/physx/source/compiler/cmake/CMakeLists.txt
  Adjacencies.cpp
  Cooking.cpp
  CookingUtils.cpp
  EdgeList.cpp
  MeshCleaner.cpp
  Quantizer.cpp
  BVHStructureBuilder.cpp
  HeightFieldCooking.cpp
  RTreeCooking.cpp
  MeshBuilder.cpp
  TriangleMeshBuilder.cpp
  GrbTriangleMeshCooking.cpp
  BigConvexDataBuilder.cpp
  ConvexHullBuilder.cpp
  ConvexHullLib.cpp
  ConvexHullUtils.cpp
  ConvexMeshBuilder.cpp
  ConvexPolygonsBuilder.cpp
  QuickHullConvexHullLib.cpp
  VolumeIntegration.cpp
  WindowsCookingDelayLoadHook.cpp
    正在创建库 D:/01-Learning/06-PhysX/PhysX/physx/bin/win.x86_64.vc141.mt/debug/PhysXCooking_64.lib 和对象 D:/01-Learning/06-PhysX/PhysX/physx/bin/win.x86_64.vc141.mt/debug/PhysXCooking_64.exp
  PhysXCooking.vcxproj -> D:\01-Learning\06-PhysX\PhysX\physx\bin\win.x86_64.vc141.mt\debug\PhysXCooking_64.dll
