  Building Custom Rule D:/01-Learning/07-PhysX/physx/source/compiler/cmake/CMakeLists.txt
  PsAllocator.cpp
  PsAssert.cpp
  PsFoundation.cpp
  PsMathUtils.cpp
  PsString.cpp
  PsTempAllocator.cpp
  PsUtilities.cpp
  PsWindowsAtomic.cpp
  PsWindowsCpu.cpp
  PsWindowsFPU.cpp
  PsWindowsMutex.cpp
  PsWindowsPrintString.cpp
  PsWindowsSList.cpp
  PsWindowsSocket.cpp
  PsWindowsSync.cpp
  PsWindowsThread.cpp
  PsWindowsTime.cpp
    正在创建库 D:/01-Learning/07-PhysX/physx/bin/win.x86_64.vc141.mt/debug/PhysXFoundation_64.lib 和对象 D:/01-Learning/07-PhysX/physx/bin/win.x86_64.vc141.mt/debug/PhysXFoundation_64.exp
  PhysXFoundation.vcxproj -> D:\01-Learning\07-PhysX\physx\bin\win.x86_64.vc141.mt\debug\PhysXFoundation_64.dll
