d:\01-learning\06-physx\physx\physx\compiler\vc15win64\sdk_source_bin\physxfoundation.dir\debug\psfoundation.obj
d:\01-learning\06-physx\physx\physx\compiler\vc15win64\sdk_source_bin\physxfoundation.dir\debug\psmathutils.obj
d:\01-learning\06-physx\physx\physx\compiler\vc15win64\sdk_source_bin\physxfoundation.dir\debug\pswindowsmutex.obj
d:\01-learning\06-physx\physx\physx\compiler\vc15win64\sdk_source_bin\physxfoundation.dir\debug\pstempallocator.obj
d:\01-learning\06-physx\physx\physx\compiler\vc15win64\sdk_source_bin\physxfoundation.dir\debug\pswindowsatomic.obj
d:\01-learning\06-physx\physx\physx\compiler\vc15win64\sdk_source_bin\physxfoundation.dir\debug\pswindowscpu.obj
d:\01-learning\06-physx\physx\physx\compiler\vc15win64\sdk_source_bin\physxfoundation.dir\debug\pswindowssync.obj
d:\01-learning\06-physx\physx\physx\compiler\vc15win64\sdk_source_bin\physxfoundation.dir\debug\psstring.obj
d:\01-learning\06-physx\physx\physx\compiler\vc15win64\sdk_source_bin\physxfoundation.dir\debug\pswindowssocket.obj
d:\01-learning\06-physx\physx\physx\compiler\vc15win64\sdk_source_bin\physxfoundation.dir\debug\psallocator.obj
d:\01-learning\06-physx\physx\physx\compiler\vc15win64\sdk_source_bin\physxfoundation.dir\debug\pswindowstime.obj
d:\01-learning\06-physx\physx\physx\compiler\vc15win64\sdk_source_bin\physxfoundation.dir\debug\psassert.obj
d:\01-learning\06-physx\physx\physx\compiler\vc15win64\sdk_source_bin\physxfoundation.dir\debug\pswindowsslist.obj
d:\01-learning\06-physx\physx\physx\compiler\vc15win64\sdk_source_bin\physxfoundation.dir\debug\pswindowsprintstring.obj
d:\01-learning\06-physx\physx\physx\compiler\vc15win64\sdk_source_bin\physxfoundation.dir\debug\psutilities.obj
d:\01-learning\06-physx\physx\physx\compiler\vc15win64\sdk_source_bin\physxfoundation.dir\debug\pswindowsfpu.obj
d:\01-learning\06-physx\physx\physx\compiler\vc15win64\sdk_source_bin\physxfoundation.dir\debug\pswindowsthread.obj
d:\01-learning\06-physx\physx\physx\bin\win.x86_64.vc141.mt\debug\physxfoundation_64.pdb
d:\01-learning\06-physx\physx\physx\compiler\vc15win64\sdk_source_bin\cmakefiles\generate.stamp
d:\01-learning\06-physx\physx\physx\bin\win.x86_64.vc141.mt\debug\physxfoundation_64.dll
d:\01-learning\06-physx\physx\physx\bin\win.x86_64.vc141.mt\debug\physxfoundation_64.lib
d:\01-learning\06-physx\physx\physx\bin\win.x86_64.vc141.mt\debug\physxfoundation_64.exp
d:\01-learning\06-physx\physx\physx\compiler\vc15win64\sdk_source_bin\physxfoundation.dir\debug\physxfoundation.res
d:\01-learning\06-physx\physx\physx\compiler\vc15win64\sdk_source_bin\physxfoundation.dir\debug\physxfoundation.tlog\cl.10372.write.1.tlog
d:\01-learning\06-physx\physx\physx\compiler\vc15win64\sdk_source_bin\physxfoundation.dir\debug\physxfoundation.tlog\cl.command.1.tlog
d:\01-learning\06-physx\physx\physx\compiler\vc15win64\sdk_source_bin\physxfoundation.dir\debug\physxfoundation.tlog\cl.read.1.tlog
d:\01-learning\06-physx\physx\physx\compiler\vc15win64\sdk_source_bin\physxfoundation.dir\debug\physxfoundation.tlog\custombuild.command.1.tlog
d:\01-learning\06-physx\physx\physx\compiler\vc15win64\sdk_source_bin\physxfoundation.dir\debug\physxfoundation.tlog\custombuild.read.1.tlog
d:\01-learning\06-physx\physx\physx\compiler\vc15win64\sdk_source_bin\physxfoundation.dir\debug\physxfoundation.tlog\custombuild.write.1.tlog
d:\01-learning\06-physx\physx\physx\compiler\vc15win64\sdk_source_bin\physxfoundation.dir\debug\physxfoundation.tlog\link.command.1.tlog
d:\01-learning\06-physx\physx\physx\compiler\vc15win64\sdk_source_bin\physxfoundation.dir\debug\physxfoundation.tlog\link.read.1.tlog
d:\01-learning\06-physx\physx\physx\compiler\vc15win64\sdk_source_bin\physxfoundation.dir\debug\physxfoundation.tlog\link.write.1.tlog
d:\01-learning\06-physx\physx\physx\compiler\vc15win64\sdk_source_bin\physxfoundation.dir\debug\physxfoundation.tlog\physxfoundation.write.1u.tlog
d:\01-learning\06-physx\physx\physx\compiler\vc15win64\sdk_source_bin\physxfoundation.dir\debug\physxfoundation.tlog\rc.command.1.tlog
d:\01-learning\06-physx\physx\physx\compiler\vc15win64\sdk_source_bin\physxfoundation.dir\debug\physxfoundation.tlog\rc.read.1.tlog
d:\01-learning\06-physx\physx\physx\compiler\vc15win64\sdk_source_bin\physxfoundation.dir\debug\physxfoundation.tlog\rc.write.1.tlog
