d:\01-learning\06-physx\physx\physx\compiler\vc15win64\sdk_source_bin\physx.dir\debug\nparticulationlink.obj
d:\01-learning\06-physx\physx\physx\compiler\vc15win64\sdk_source_bin\physx.dir\debug\npwritecheck.obj
d:\01-learning\06-physx\physx\physx\compiler\vc15win64\sdk_source_bin\physx.dir\debug\scbscene.obj
d:\01-learning\06-physx\physx\physx\compiler\vc15win64\sdk_source_bin\physx.dir\debug\nparticulationjointreducedcoordinate.obj
d:\01-learning\06-physx\physx\physx\compiler\vc15win64\sdk_source_bin\physx.dir\debug\npshape.obj
d:\01-learning\06-physx\physx\physx\compiler\vc15win64\sdk_source_bin\physx.dir\debug\pxgpu.obj
d:\01-learning\06-physx\physx\physx\compiler\vc15win64\sdk_source_bin\physx.dir\debug\npbatchquery.obj
d:\01-learning\06-physx\physx\physx\compiler\vc15win64\sdk_source_bin\physx.dir\debug\npreadcheck.obj
d:\01-learning\06-physx\physx\physx\compiler\vc15win64\sdk_source_bin\physx.dir\debug\pvdphysicsclient.obj
d:\01-learning\06-physx\physx\physx\compiler\vc15win64\sdk_source_bin\physx.dir\debug\scbshape.obj
d:\01-learning\06-physx\physx\physx\compiler\vc15win64\sdk_source_bin\physx.dir\debug\nparticulation.obj
d:\01-learning\06-physx\physx\physx\compiler\vc15win64\sdk_source_bin\physx.dir\debug\npscene.obj
d:\01-learning\06-physx\physx\physx\compiler\vc15win64\sdk_source_bin\physx.dir\debug\pxphysxgpumoduleloader.obj
d:\01-learning\06-physx\physx\physx\compiler\vc15win64\sdk_source_bin\physx.dir\debug\npaggregate.obj
d:\01-learning\06-physx\physx\physx\compiler\vc15win64\sdk_source_bin\physx.dir\debug\nprigiddynamic.obj
d:\01-learning\06-physx\physx\physx\compiler\vc15win64\sdk_source_bin\physx.dir\debug\scbaggregate.obj
d:\01-learning\06-physx\physx\physx\compiler\vc15win64\sdk_source_bin\physx.dir\debug\pxmetadataobjects.obj
d:\01-learning\06-physx\physx\physx\compiler\vc15win64\sdk_source_bin\physx.dir\debug\npmetadata.obj
d:\01-learning\06-physx\physx\physx\compiler\vc15win64\sdk_source_bin\physx.dir\debug\npshapemanager.obj
d:\01-learning\06-physx\physx\physx\compiler\vc15win64\sdk_source_bin\physx.dir\debug\physxindicatorwindows.obj
d:\01-learning\06-physx\physx\physx\compiler\vc15win64\sdk_source_bin\physx.dir\debug\pxautogeneratedmetadataobjects.obj
d:\01-learning\06-physx\physx\physx\compiler\vc15win64\sdk_source_bin\physx.dir\debug\npmaterial.obj
d:\01-learning\06-physx\physx\physx\compiler\vc15win64\sdk_source_bin\physx.dir\debug\nppvdscenequerycollector.obj
d:\01-learning\06-physx\physx\physx\compiler\vc15win64\sdk_source_bin\physx.dir\debug\scbactor.obj
d:\01-learning\06-physx\physx\physx\compiler\vc15win64\sdk_source_bin\physx.dir\debug\npwindowsdelayloadhook.obj
d:\01-learning\06-physx\physx\physx\compiler\vc15win64\sdk_source_bin\physx.dir\debug\nparticulationjoint.obj
d:\01-learning\06-physx\physx\physx\compiler\vc15win64\sdk_source_bin\physx.dir\debug\npserializeradapter.obj
d:\01-learning\06-physx\physx\physx\compiler\vc15win64\sdk_source_bin\physx.dir\debug\npimmediatemode.obj
d:\01-learning\06-physx\physx\physx\compiler\vc15win64\sdk_source_bin\physx.dir\debug\npactor.obj
d:\01-learning\06-physx\physx\physx\compiler\vc15win64\sdk_source_bin\physx.dir\debug\npphysics.obj
d:\01-learning\06-physx\physx\physx\compiler\vc15win64\sdk_source_bin\physx.dir\debug\scbscenepvdclient.obj
d:\01-learning\06-physx\physx\physx\compiler\vc15win64\sdk_source_bin\physx.dir\debug\npconstraint.obj
d:\01-learning\06-physx\physx\physx\compiler\vc15win64\sdk_source_bin\physx.dir\debug\npscenequeries.obj
d:\01-learning\06-physx\physx\physx\compiler\vc15win64\sdk_source_bin\physx.dir\debug\scbmetadata.obj
d:\01-learning\06-physx\physx\physx\compiler\vc15win64\sdk_source_bin\physx.dir\debug\npfactory.obj
d:\01-learning\06-physx\physx\physx\compiler\vc15win64\sdk_source_bin\physx.dir\debug\pvdmetadatapvdbinding.obj
d:\01-learning\06-physx\physx\physx\compiler\vc15win64\sdk_source_bin\physx.dir\debug\nparticulationreducedcoordinate.obj
d:\01-learning\06-physx\physx\physx\compiler\vc15win64\sdk_source_bin\physx.dir\debug\nprigidstatic.obj
d:\01-learning\06-physx\physx\physx\compiler\vc15win64\sdk_source_bin\physx.dir\debug\scbbase.obj
d:\01-learning\06-physx\physx\physx\bin\win.x86_64.vc141.mt\debug\physx_64.pdb
d:\01-learning\06-physx\physx\physx\compiler\vc15win64\sdk_source_bin\cmakefiles\generate.stamp
d:\01-learning\06-physx\physx\physx\bin\win.x86_64.vc141.mt\debug\physx_64.dll
d:\01-learning\06-physx\physx\physx\bin\win.x86_64.vc141.mt\debug\physx_64.map
d:\01-learning\06-physx\physx\physx\bin\win.x86_64.vc141.mt\debug\physx_64.lib
d:\01-learning\06-physx\physx\physx\bin\win.x86_64.vc141.mt\debug\physx_64.exp
d:\01-learning\06-physx\physx\physx\compiler\vc15win64\sdk_source_bin\physx.dir\debug\physx.res
d:\01-learning\06-physx\physx\physx\compiler\vc15win64\sdk_source_bin\physx.dir\debug\physx.tlog\cl.14128.write.1.tlog
d:\01-learning\06-physx\physx\physx\compiler\vc15win64\sdk_source_bin\physx.dir\debug\physx.tlog\cl.command.1.tlog
d:\01-learning\06-physx\physx\physx\compiler\vc15win64\sdk_source_bin\physx.dir\debug\physx.tlog\cl.read.1.tlog
d:\01-learning\06-physx\physx\physx\compiler\vc15win64\sdk_source_bin\physx.dir\debug\physx.tlog\custombuild.command.1.tlog
d:\01-learning\06-physx\physx\physx\compiler\vc15win64\sdk_source_bin\physx.dir\debug\physx.tlog\custombuild.read.1.tlog
d:\01-learning\06-physx\physx\physx\compiler\vc15win64\sdk_source_bin\physx.dir\debug\physx.tlog\custombuild.write.1.tlog
d:\01-learning\06-physx\physx\physx\compiler\vc15win64\sdk_source_bin\physx.dir\debug\physx.tlog\link.command.1.tlog
d:\01-learning\06-physx\physx\physx\compiler\vc15win64\sdk_source_bin\physx.dir\debug\physx.tlog\link.read.1.tlog
d:\01-learning\06-physx\physx\physx\compiler\vc15win64\sdk_source_bin\physx.dir\debug\physx.tlog\link.write.1.tlog
d:\01-learning\06-physx\physx\physx\compiler\vc15win64\sdk_source_bin\physx.dir\debug\physx.tlog\physx.write.1u.tlog
d:\01-learning\06-physx\physx\physx\compiler\vc15win64\sdk_source_bin\physx.dir\debug\physx.tlog\rc.command.1.tlog
d:\01-learning\06-physx\physx\physx\compiler\vc15win64\sdk_source_bin\physx.dir\debug\physx.tlog\rc.read.1.tlog
d:\01-learning\06-physx\physx\physx\compiler\vc15win64\sdk_source_bin\physx.dir\debug\physx.tlog\rc.write.1.tlog
