d:\01-learning\06-physx\physx\physx\compiler\vc15win64\sdk_samples_bin\sampleframework.dir\debug\samplepointdebugrender.obj
d:\01-learning\06-physx\physx\physx\compiler\vc15win64\sdk_samples_bin\sampleframework.dir\debug\windowssampleassetmanager.obj
d:\01-learning\06-physx\physx\physx\compiler\vc15win64\sdk_samples_bin\sampleframework.dir\debug\targa.obj
d:\01-learning\06-physx\physx\physx\compiler\vc15win64\sdk_samples_bin\sampleframework.dir\debug\sampleasset.obj
d:\01-learning\06-physx\physx\physx\compiler\vc15win64\sdk_samples_bin\sampleframework.dir\debug\sampletextureasset.obj
d:\01-learning\06-physx\physx\physx\compiler\vc15win64\sdk_samples_bin\sampleframework.dir\debug\samplelinedebugrender.obj
d:\01-learning\06-physx\physx\physx\compiler\vc15win64\sdk_samples_bin\sampleframework.dir\debug\odblock.obj
d:\01-learning\06-physx\physx\physx\compiler\vc15win64\sdk_samples_bin\sampleframework.dir\debug\sampletree.obj
d:\01-learning\06-physx\physx\physx\compiler\vc15win64\sdk_samples_bin\sampleframework.dir\debug\sampletriangledebugrender.obj
d:\01-learning\06-physx\physx\physx\compiler\vc15win64\sdk_samples_bin\sampleframework.dir\debug\sampleassetmanager.obj
d:\01-learning\06-physx\physx\physx\compiler\vc15win64\sdk_samples_bin\sampleframework.dir\debug\sampleinputasset.obj
d:\01-learning\06-physx\physx\physx\compiler\vc15win64\sdk_samples_bin\sampleframework.dir\debug\sampleapplication.obj
d:\01-learning\06-physx\physx\physx\compiler\vc15win64\sdk_samples_bin\sampleframework.dir\debug\nv_dds.obj
d:\01-learning\06-physx\physx\physx\compiler\vc15win64\sdk_samples_bin\sampleframework.dir\debug\samplematerialasset.obj
d:\01-learning\06-physx\physx\physx\compiler\vc15win64\sdk_samples_bin\sampleframework.dir\debug\samplecommandline.obj
d:\01-learning\06-physx\physx\physx\compiler\vc15win64\sdk_samples_bin\sampleframework.dir\debug\sampledirmanager.obj
d:\01-learning\06-physx\physx\physx\bin\win.x86_64.vc141.mt\debug\sampleframework_static__64.pdb
d:\01-learning\06-physx\physx\physx\compiler\vc15win64\sdk_samples_bin\cmakefiles\generate.stamp
d:\01-learning\06-physx\physx\physx\bin\win.x86_64.vc141.mt\debug\sampleframework_static_64.lib
d:\01-learning\06-physx\physx\physx\compiler\vc15win64\sdk_samples_bin\sampleframework.dir\debug\sampleframework.tlog\cl.12056.write.1.tlog
d:\01-learning\06-physx\physx\physx\compiler\vc15win64\sdk_samples_bin\sampleframework.dir\debug\sampleframework.tlog\cl.command.1.tlog
d:\01-learning\06-physx\physx\physx\compiler\vc15win64\sdk_samples_bin\sampleframework.dir\debug\sampleframework.tlog\cl.read.1.tlog
d:\01-learning\06-physx\physx\physx\compiler\vc15win64\sdk_samples_bin\sampleframework.dir\debug\sampleframework.tlog\custombuild.command.1.tlog
d:\01-learning\06-physx\physx\physx\compiler\vc15win64\sdk_samples_bin\sampleframework.dir\debug\sampleframework.tlog\custombuild.read.1.tlog
d:\01-learning\06-physx\physx\physx\compiler\vc15win64\sdk_samples_bin\sampleframework.dir\debug\sampleframework.tlog\custombuild.write.1.tlog
d:\01-learning\06-physx\physx\physx\compiler\vc15win64\sdk_samples_bin\sampleframework.dir\debug\sampleframework.tlog\lib-link.read.1.tlog
d:\01-learning\06-physx\physx\physx\compiler\vc15win64\sdk_samples_bin\sampleframework.dir\debug\sampleframework.tlog\lib-link.write.1.tlog
d:\01-learning\06-physx\physx\physx\compiler\vc15win64\sdk_samples_bin\sampleframework.dir\debug\sampleframework.tlog\lib.command.1.tlog
