d:\01-learning\06-physx\physx\physx\compiler\vc15win64\sdk_samples_bin\samples.dir\debug\chunkloader.obj
d:\01-learning\06-physx\physx\physx\compiler\vc15win64\sdk_samples_bin\samples.dir\debug\samplevehicle.obj
d:\01-learning\06-physx\physx\physx\compiler\vc15win64\sdk_samples_bin\samples.dir\debug\samplecctactor.obj
d:\01-learning\06-physx\physx\physx\compiler\vc15win64\sdk_samples_bin\samples.dir\debug\samplebridges.obj
d:\01-learning\06-physx\physx\physx\compiler\vc15win64\sdk_samples_bin\samples.dir\debug\samplenorthpolecameracontroller.obj
d:\01-learning\06-physx\physx\physx\compiler\vc15win64\sdk_samples_bin\samples.dir\debug\samplevehicle_controlinputs.obj
d:\01-learning\06-physx\physx\physx\compiler\vc15win64\sdk_samples_bin\samples.dir\debug\samplehelloworld.obj
d:\01-learning\06-physx\physx\physx\compiler\vc15win64\sdk_samples_bin\samples.dir\debug\samplenorthpoledynamics.obj
d:\01-learning\06-physx\physx\physx\compiler\vc15win64\sdk_samples_bin\samples.dir\debug\samplevehicle_gamelogic.obj
d:\01-learning\06-physx\physx\physx\compiler\vc15win64\sdk_samples_bin\samples.dir\debug\samplevehicle_vehiclecontroller.obj
d:\01-learning\06-physx\physx\physx\compiler\vc15win64\sdk_samples_bin\samples.dir\debug\samplecustomgravitybuilder.obj
d:\01-learning\06-physx\physx\physx\compiler\vc15win64\sdk_samples_bin\samples.dir\debug\crab.obj
d:\01-learning\06-physx\physx\physx\compiler\vc15win64\sdk_samples_bin\samples.dir\debug\samplecustomgravity.obj
d:\01-learning\06-physx\physx\physx\compiler\vc15win64\sdk_samples_bin\samples.dir\debug\samplenorthpolefiltershader.obj
d:\01-learning\06-physx\physx\physx\compiler\vc15win64\sdk_samples_bin\samples.dir\debug\samplevehicle_wheelqueryresults.obj
d:\01-learning\06-physx\physx\physx\compiler\vc15win64\sdk_samples_bin\samples.dir\debug\samplecustomgravityfiltershader.obj
d:\01-learning\06-physx\physx\physx\compiler\vc15win64\sdk_samples_bin\samples.dir\debug\samplesubmarine.obj
d:\01-learning\06-physx\physx\physx\compiler\vc15win64\sdk_samples_bin\samples.dir\debug\samplelargeworld.obj
d:\01-learning\06-physx\physx\physx\compiler\vc15win64\sdk_samples_bin\samples.dir\debug\samplevehicledebugrender.obj
d:\01-learning\06-physx\physx\physx\compiler\vc15win64\sdk_samples_bin\samples.dir\debug\samplecctcameracontroller.obj
d:\01-learning\06-physx\physx\physx\compiler\vc15win64\sdk_samples_bin\samples.dir\debug\meshbuilder.obj
d:\01-learning\06-physx\physx\physx\compiler\vc15win64\sdk_samples_bin\samples.dir\debug\samplevehicleterrain.obj
d:\01-learning\06-physx\physx\physx\compiler\vc15win64\sdk_samples_bin\samples.dir\debug\samplecctjump.obj
d:\01-learning\06-physx\physx\physx\compiler\vc15win64\sdk_samples_bin\samples.dir\debug\samplecustomgravity_cct.obj
d:\01-learning\06-physx\physx\physx\compiler\vc15win64\sdk_samples_bin\samples.dir\debug\samplenorthpolebuilder.obj
d:\01-learning\06-physx\physx\physx\compiler\vc15win64\sdk_samples_bin\samples.dir\debug\samplevehicle_scenequery.obj
d:\01-learning\06-physx\physx\physx\compiler\vc15win64\sdk_samples_bin\samples.dir\debug\kinematicplatform.obj
d:\01-learning\06-physx\physx\physx\compiler\vc15win64\sdk_samples_bin\samples.dir\debug\samplebridgescct.obj
d:\01-learning\06-physx\physx\physx\compiler\vc15win64\sdk_samples_bin\samples.dir\debug\samplenorthpole.obj
d:\01-learning\06-physx\physx\physx\compiler\vc15win64\sdk_samples_bin\samples.dir\debug\samplevehicle_vehiclemanager.obj
d:\01-learning\06-physx\physx\physx\compiler\vc15win64\sdk_samples_bin\samples.dir\debug\planet.obj
d:\01-learning\06-physx\physx\physx\compiler\vc15win64\sdk_samples_bin\samples.dir\debug\samplelargeworldcct.obj
d:\01-learning\06-physx\physx\physx\compiler\vc15win64\sdk_samples_bin\samples.dir\debug\samplevehicle_cameracontroller.obj
d:\01-learning\06-physx\physx\physx\compiler\vc15win64\sdk_samples_bin\samples.dir\debug\samplecustomgravitycameracontroller.obj
d:\01-learning\06-physx\physx\physx\compiler\vc15win64\sdk_samples_bin\samples.dir\debug\samplenorthpolecct.obj
d:\01-learning\06-physx\physx\physx\compiler\vc15win64\sdk_samples_bin\samples.dir\debug\samplevehicle_vehiclecooking.obj
d:\01-learning\06-physx\physx\physx\compiler\vc15win64\sdk_samples_bin\samples.dir\debug\vc141.pdb
d:\01-learning\06-physx\physx\physx\compiler\vc15win64\sdk_samples_bin\cmakefiles\generate.stamp
d:\01-learning\06-physx\physx\physx\compiler\vc15win64\sdk_samples_bin\samples.dir\debug\samples.tlog\cl.20968.write.1.tlog
d:\01-learning\06-physx\physx\physx\compiler\vc15win64\sdk_samples_bin\samples.dir\debug\samples.tlog\cl.command.1.tlog
d:\01-learning\06-physx\physx\physx\compiler\vc15win64\sdk_samples_bin\samples.dir\debug\samples.tlog\cl.read.1.tlog
d:\01-learning\06-physx\physx\physx\compiler\vc15win64\sdk_samples_bin\samples.dir\debug\samples.tlog\custombuild.command.1.tlog
d:\01-learning\06-physx\physx\physx\compiler\vc15win64\sdk_samples_bin\samples.dir\debug\samples.tlog\custombuild.read.1.tlog
d:\01-learning\06-physx\physx\physx\compiler\vc15win64\sdk_samples_bin\samples.dir\debug\samples.tlog\custombuild.write.1.tlog
d:\01-learning\06-physx\physx\physx\compiler\vc15win64\sdk_samples_bin\samples.dir\debug\samples.tlog\link.command.1.tlog
d:\01-learning\06-physx\physx\physx\compiler\vc15win64\sdk_samples_bin\samples.dir\debug\samples.tlog\link.read.1.tlog
d:\01-learning\06-physx\physx\physx\compiler\vc15win64\sdk_samples_bin\samples.dir\debug\samples.tlog\link.write.1.tlog
