d:\01-learning\06-physx\physx\physx\compiler\vc15win64\sdk_snippets_bin\snippetvehiclenodrive.dir\debug\snippetvehiclenodrive.obj
d:\01-learning\06-physx\physx\physx\compiler\vc15win64\sdk_snippets_bin\snippetvehiclenodrive.dir\debug\snippetvehiclenodriverender.obj
d:\01-learning\06-physx\physx\physx\compiler\vc15win64\sdk_snippets_bin\snippetvehiclenodrive.dir\debug\snippetvehicle4wcreate.obj
d:\01-learning\06-physx\physx\physx\compiler\vc15win64\sdk_snippets_bin\snippetvehiclenodrive.dir\debug\snippetvehicletirefriction.obj
d:\01-learning\06-physx\physx\physx\compiler\vc15win64\sdk_snippets_bin\snippetvehiclenodrive.dir\debug\classicmain.obj
d:\01-learning\06-physx\physx\physx\compiler\vc15win64\sdk_snippets_bin\snippetvehiclenodrive.dir\debug\snippetvehiclefiltershader.obj
d:\01-learning\06-physx\physx\physx\compiler\vc15win64\sdk_snippets_bin\snippetvehiclenodrive.dir\debug\snippetvehiclecreate.obj
d:\01-learning\06-physx\physx\physx\compiler\vc15win64\sdk_snippets_bin\snippetvehiclenodrive.dir\debug\snippetvehiclescenequery.obj
d:\01-learning\06-physx\physx\physx\compiler\vc15win64\sdk_snippets_bin\snippetvehiclenodrive.dir\debug\snippetvehiclenodrivecreate.obj
d:\01-learning\06-physx\physx\physx\compiler\vc15win64\sdk_snippets_bin\snippetvehiclenodrive.dir\debug\snippetvehicletankcreate.obj
d:\01-learning\06-physx\physx\physx\compiler\vc15win64\sdk_snippets_bin\snippetvehiclenodrive.dir\debug\vc141.pdb
d:\01-learning\06-physx\physx\physx\compiler\vc15win64\sdk_snippets_bin\cmakefiles\generate.stamp
d:\01-learning\06-physx\physx\physx\bin\win.x86_64.vc141.mt\debug\snippetvehiclenodrive_64.ilk
d:\01-learning\06-physx\physx\physx\bin\win.x86_64.vc141.mt\debug\snippetvehiclenodrive_64.exe
d:\01-learning\06-physx\physx\physx\bin\win.x86_64.vc141.mt\debug\snippetvehiclenodrive_64.pdb
d:\01-learning\06-physx\physx\physx\compiler\vc15win64\sdk_snippets_bin\snippetvehiclenodrive.dir\debug\snippetv.815becff.tlog\cl.17944.write.1.tlog
d:\01-learning\06-physx\physx\physx\compiler\vc15win64\sdk_snippets_bin\snippetvehiclenodrive.dir\debug\snippetv.815becff.tlog\cl.command.1.tlog
d:\01-learning\06-physx\physx\physx\compiler\vc15win64\sdk_snippets_bin\snippetvehiclenodrive.dir\debug\snippetv.815becff.tlog\cl.read.1.tlog
d:\01-learning\06-physx\physx\physx\compiler\vc15win64\sdk_snippets_bin\snippetvehiclenodrive.dir\debug\snippetv.815becff.tlog\custombuild.command.1.tlog
d:\01-learning\06-physx\physx\physx\compiler\vc15win64\sdk_snippets_bin\snippetvehiclenodrive.dir\debug\snippetv.815becff.tlog\custombuild.read.1.tlog
d:\01-learning\06-physx\physx\physx\compiler\vc15win64\sdk_snippets_bin\snippetvehiclenodrive.dir\debug\snippetv.815becff.tlog\custombuild.write.1.tlog
d:\01-learning\06-physx\physx\physx\compiler\vc15win64\sdk_snippets_bin\snippetvehiclenodrive.dir\debug\snippetv.815becff.tlog\link.command.1.tlog
d:\01-learning\06-physx\physx\physx\compiler\vc15win64\sdk_snippets_bin\snippetvehiclenodrive.dir\debug\snippetv.815becff.tlog\link.read.1.tlog
d:\01-learning\06-physx\physx\physx\compiler\vc15win64\sdk_snippets_bin\snippetvehiclenodrive.dir\debug\snippetv.815becff.tlog\link.write.1.tlog
