d:\01-learning\06-physx\physx\physx\compiler\vc15win64\sdk_snippets_bin\snippetvehicletank.dir\debug\snippetvehicletankrender.obj
d:\01-learning\06-physx\physx\physx\compiler\vc15win64\sdk_snippets_bin\snippetvehicletank.dir\debug\classicmain.obj
d:\01-learning\06-physx\physx\physx\compiler\vc15win64\sdk_snippets_bin\snippetvehicletank.dir\debug\snippetvehicletirefriction.obj
d:\01-learning\06-physx\physx\physx\compiler\vc15win64\sdk_snippets_bin\snippetvehicletank.dir\debug\snippetvehiclefiltershader.obj
d:\01-learning\06-physx\physx\physx\compiler\vc15win64\sdk_snippets_bin\snippetvehicletank.dir\debug\snippetvehicletank.obj
d:\01-learning\06-physx\physx\physx\compiler\vc15win64\sdk_snippets_bin\snippetvehicletank.dir\debug\snippetvehiclecreate.obj
d:\01-learning\06-physx\physx\physx\compiler\vc15win64\sdk_snippets_bin\snippetvehicletank.dir\debug\snippetvehicle4wcreate.obj
d:\01-learning\06-physx\physx\physx\compiler\vc15win64\sdk_snippets_bin\snippetvehicletank.dir\debug\snippetvehicletankcreate.obj
d:\01-learning\06-physx\physx\physx\compiler\vc15win64\sdk_snippets_bin\snippetvehicletank.dir\debug\snippetvehiclenodrivecreate.obj
d:\01-learning\06-physx\physx\physx\compiler\vc15win64\sdk_snippets_bin\snippetvehicletank.dir\debug\snippetvehiclescenequery.obj
d:\01-learning\06-physx\physx\physx\compiler\vc15win64\sdk_snippets_bin\snippetvehicletank.dir\debug\vc141.pdb
d:\01-learning\06-physx\physx\physx\compiler\vc15win64\sdk_snippets_bin\cmakefiles\generate.stamp
d:\01-learning\06-physx\physx\physx\bin\win.x86_64.vc141.mt\debug\snippetvehicletank_64.ilk
d:\01-learning\06-physx\physx\physx\bin\win.x86_64.vc141.mt\debug\snippetvehicletank_64.exe
d:\01-learning\06-physx\physx\physx\bin\win.x86_64.vc141.mt\debug\snippetvehicletank_64.pdb
d:\01-learning\06-physx\physx\physx\compiler\vc15win64\sdk_snippets_bin\snippetvehicletank.dir\debug\snippetv.65989686.tlog\cl.22584.write.1.tlog
d:\01-learning\06-physx\physx\physx\compiler\vc15win64\sdk_snippets_bin\snippetvehicletank.dir\debug\snippetv.65989686.tlog\cl.command.1.tlog
d:\01-learning\06-physx\physx\physx\compiler\vc15win64\sdk_snippets_bin\snippetvehicletank.dir\debug\snippetv.65989686.tlog\cl.read.1.tlog
d:\01-learning\06-physx\physx\physx\compiler\vc15win64\sdk_snippets_bin\snippetvehicletank.dir\debug\snippetv.65989686.tlog\custombuild.command.1.tlog
d:\01-learning\06-physx\physx\physx\compiler\vc15win64\sdk_snippets_bin\snippetvehicletank.dir\debug\snippetv.65989686.tlog\custombuild.read.1.tlog
d:\01-learning\06-physx\physx\physx\compiler\vc15win64\sdk_snippets_bin\snippetvehicletank.dir\debug\snippetv.65989686.tlog\custombuild.write.1.tlog
d:\01-learning\06-physx\physx\physx\compiler\vc15win64\sdk_snippets_bin\snippetvehicletank.dir\debug\snippetv.65989686.tlog\link.command.1.tlog
d:\01-learning\06-physx\physx\physx\compiler\vc15win64\sdk_snippets_bin\snippetvehicletank.dir\debug\snippetv.65989686.tlog\link.read.1.tlog
d:\01-learning\06-physx\physx\physx\compiler\vc15win64\sdk_snippets_bin\snippetvehicletank.dir\debug\snippetv.65989686.tlog\link.write.1.tlog
