  Building Custom Rule D:/01-Learning/06-PhysX/PhysX/physx/samples/compiler/cmake/CMakeLists.txt
  AcclaimLoader.cpp
  Dummy.cpp
  InputEventBuffer.cpp
  PhysXSample.cpp
  PhysXSampleApplication.cpp
  Picking.cpp
  RawLoader.cpp
  RaycastCCD.cpp
  RenderBaseActor.cpp
  RenderBaseObject.cpp
  RenderBoxActor.cpp
  RenderCapsuleActor.cpp
  RenderGridActor.cpp
  RenderMaterial.cpp
  RenderMeshActor.cpp
  RenderPhysX3Debug.cpp
  RenderSphereActor.cpp
  RenderTexture.cpp
  SampleAllocator.cpp
  SampleCamera.cpp
  SampleCameraController.cpp
  SampleCharacterHelpers.cpp
  SampleConsole.cpp
  SampleInputMappingAsset.cpp
  SampleMain.cpp
  SampleMouseFilter.cpp
  SampleRandomPrecomputed.cpp
  SampleStepper.cpp
  TestGeometryHelpers.cpp
  TestGroup.cpp
  TestMotionGenerator.cpp
  wavefront.cpp
Dummy.obj : warning LNK4221: 此对象文件未定义任何之前未定义的公共符号，因此任何耗用此库的链接操作都不会使用此文件
  SampleBase.vcxproj -> D:\01-Learning\06-PhysX\PhysX\physx\bin\win.x86_64.vc141.mt\debug\SampleBase_static_64.lib
