d:\01-learning\06-physx\physx\physx\compiler\vc15win64\sdk_samples_bin\samplebase.dir\debug\renderbaseactor.obj
d:\01-learning\06-physx\physx\physx\compiler\vc15win64\sdk_samples_bin\samplebase.dir\debug\sampleconsole.obj
d:\01-learning\06-physx\physx\physx\compiler\vc15win64\sdk_samples_bin\samplebase.dir\debug\rendergridactor.obj
d:\01-learning\06-physx\physx\physx\compiler\vc15win64\sdk_samples_bin\samplebase.dir\debug\sampleinputmappingasset.obj
d:\01-learning\06-physx\physx\physx\compiler\vc15win64\sdk_samples_bin\samplebase.dir\debug\physxsampleapplication.obj
d:\01-learning\06-physx\physx\physx\compiler\vc15win64\sdk_samples_bin\samplebase.dir\debug\rendermaterial.obj
d:\01-learning\06-physx\physx\physx\compiler\vc15win64\sdk_samples_bin\samplebase.dir\debug\samplestepper.obj
d:\01-learning\06-physx\physx\physx\compiler\vc15win64\sdk_samples_bin\samplebase.dir\debug\renderbaseobject.obj
d:\01-learning\06-physx\physx\physx\compiler\vc15win64\sdk_samples_bin\samplebase.dir\debug\renderboxactor.obj
d:\01-learning\06-physx\physx\physx\compiler\vc15win64\sdk_samples_bin\samplebase.dir\debug\rendertexture.obj
d:\01-learning\06-physx\physx\physx\compiler\vc15win64\sdk_samples_bin\samplebase.dir\debug\testmotiongenerator.obj
d:\01-learning\06-physx\physx\physx\compiler\vc15win64\sdk_samples_bin\samplebase.dir\debug\dummy.obj
d:\01-learning\06-physx\physx\physx\compiler\vc15win64\sdk_samples_bin\samplebase.dir\debug\renderphysx3debug.obj
d:\01-learning\06-physx\physx\physx\compiler\vc15win64\sdk_samples_bin\samplebase.dir\debug\samplerandomprecomputed.obj
d:\01-learning\06-physx\physx\physx\compiler\vc15win64\sdk_samples_bin\samplebase.dir\debug\inputeventbuffer.obj
d:\01-learning\06-physx\physx\physx\compiler\vc15win64\sdk_samples_bin\samplebase.dir\debug\samplecamera.obj
d:\01-learning\06-physx\physx\physx\compiler\vc15win64\sdk_samples_bin\samplebase.dir\debug\samplemain.obj
d:\01-learning\06-physx\physx\physx\compiler\vc15win64\sdk_samples_bin\samplebase.dir\debug\physxsample.obj
d:\01-learning\06-physx\physx\physx\compiler\vc15win64\sdk_samples_bin\samplebase.dir\debug\acclaimloader.obj
d:\01-learning\06-physx\physx\physx\compiler\vc15win64\sdk_samples_bin\samplebase.dir\debug\rendermeshactor.obj
d:\01-learning\06-physx\physx\physx\compiler\vc15win64\sdk_samples_bin\samplebase.dir\debug\samplecharacterhelpers.obj
d:\01-learning\06-physx\physx\physx\compiler\vc15win64\sdk_samples_bin\samplebase.dir\debug\testgeometryhelpers.obj
d:\01-learning\06-physx\physx\physx\compiler\vc15win64\sdk_samples_bin\samplebase.dir\debug\rawloader.obj
d:\01-learning\06-physx\physx\physx\compiler\vc15win64\sdk_samples_bin\samplebase.dir\debug\rendersphereactor.obj
d:\01-learning\06-physx\physx\physx\compiler\vc15win64\sdk_samples_bin\samplebase.dir\debug\samplemousefilter.obj
d:\01-learning\06-physx\physx\physx\compiler\vc15win64\sdk_samples_bin\samplebase.dir\debug\testgroup.obj
d:\01-learning\06-physx\physx\physx\compiler\vc15win64\sdk_samples_bin\samplebase.dir\debug\picking.obj
d:\01-learning\06-physx\physx\physx\compiler\vc15win64\sdk_samples_bin\samplebase.dir\debug\wavefront.obj
d:\01-learning\06-physx\physx\physx\compiler\vc15win64\sdk_samples_bin\samplebase.dir\debug\raycastccd.obj
d:\01-learning\06-physx\physx\physx\compiler\vc15win64\sdk_samples_bin\samplebase.dir\debug\rendercapsuleactor.obj
d:\01-learning\06-physx\physx\physx\compiler\vc15win64\sdk_samples_bin\samplebase.dir\debug\sampleallocator.obj
d:\01-learning\06-physx\physx\physx\compiler\vc15win64\sdk_samples_bin\samplebase.dir\debug\samplecameracontroller.obj
d:\01-learning\06-physx\physx\physx\bin\win.x86_64.vc141.mt\debug\samplebase_static__64.pdb
d:\01-learning\06-physx\physx\physx\compiler\vc15win64\sdk_samples_bin\cmakefiles\generate.stamp
d:\01-learning\06-physx\physx\physx\bin\win.x86_64.vc141.mt\debug\samplebase_static_64.lib
d:\01-learning\06-physx\physx\physx\compiler\vc15win64\sdk_samples_bin\samplebase.dir\debug\samplebase.tlog\cl.15804.write.1.tlog
d:\01-learning\06-physx\physx\physx\compiler\vc15win64\sdk_samples_bin\samplebase.dir\debug\samplebase.tlog\cl.command.1.tlog
d:\01-learning\06-physx\physx\physx\compiler\vc15win64\sdk_samples_bin\samplebase.dir\debug\samplebase.tlog\cl.read.1.tlog
d:\01-learning\06-physx\physx\physx\compiler\vc15win64\sdk_samples_bin\samplebase.dir\debug\samplebase.tlog\custombuild.command.1.tlog
d:\01-learning\06-physx\physx\physx\compiler\vc15win64\sdk_samples_bin\samplebase.dir\debug\samplebase.tlog\custombuild.read.1.tlog
d:\01-learning\06-physx\physx\physx\compiler\vc15win64\sdk_samples_bin\samplebase.dir\debug\samplebase.tlog\custombuild.write.1.tlog
d:\01-learning\06-physx\physx\physx\compiler\vc15win64\sdk_samples_bin\samplebase.dir\debug\samplebase.tlog\lib-link.read.1.tlog
d:\01-learning\06-physx\physx\physx\compiler\vc15win64\sdk_samples_bin\samplebase.dir\debug\samplebase.tlog\lib-link.write.1.tlog
d:\01-learning\06-physx\physx\physx\compiler\vc15win64\sdk_samples_bin\samplebase.dir\debug\samplebase.tlog\lib.command.1.tlog
