d:\01-learning\06-physx\physx\physx\compiler\vc15win64\sdk_source_bin\lowlevelaabb.dir\debug\bpmbptasks.obj
d:\01-learning\06-physx\physx\physx\compiler\vc15win64\sdk_source_bin\lowlevelaabb.dir\debug\bpbroadphase.obj
d:\01-learning\06-physx\physx\physx\compiler\vc15win64\sdk_source_bin\lowlevelaabb.dir\debug\bpaabbmanager.obj
d:\01-learning\06-physx\physx\physx\compiler\vc15win64\sdk_source_bin\lowlevelaabb.dir\debug\bpbroadphaseabp.obj
d:\01-learning\06-physx\physx\physx\compiler\vc15win64\sdk_source_bin\lowlevelaabb.dir\debug\bpsaptasks.obj
d:\01-learning\06-physx\physx\physx\compiler\vc15win64\sdk_source_bin\lowlevelaabb.dir\debug\bpbroadphasesapaux.obj
d:\01-learning\06-physx\physx\physx\compiler\vc15win64\sdk_source_bin\lowlevelaabb.dir\debug\bpbroadphasesap.obj
d:\01-learning\06-physx\physx\physx\compiler\vc15win64\sdk_source_bin\lowlevelaabb.dir\debug\bpbroadphaseshared.obj
d:\01-learning\06-physx\physx\physx\compiler\vc15win64\sdk_source_bin\lowlevelaabb.dir\debug\bpbroadphasembp.obj
d:\01-learning\06-physx\physx\physx\bin\win.x86_64.vc141.mt\debug\lowlevelaabb_static_64.pdb
d:\01-learning\06-physx\physx\physx\compiler\vc15win64\sdk_source_bin\cmakefiles\generate.stamp
d:\01-learning\06-physx\physx\physx\bin\win.x86_64.vc141.mt\debug\lowlevelaabb_static_64.lib
d:\01-learning\06-physx\physx\physx\compiler\vc15win64\sdk_source_bin\lowlevelaabb.dir\debug\lowlevelaabb.tlog\cl.10372.write.1.tlog
d:\01-learning\06-physx\physx\physx\compiler\vc15win64\sdk_source_bin\lowlevelaabb.dir\debug\lowlevelaabb.tlog\cl.command.1.tlog
d:\01-learning\06-physx\physx\physx\compiler\vc15win64\sdk_source_bin\lowlevelaabb.dir\debug\lowlevelaabb.tlog\cl.read.1.tlog
d:\01-learning\06-physx\physx\physx\compiler\vc15win64\sdk_source_bin\lowlevelaabb.dir\debug\lowlevelaabb.tlog\custombuild.command.1.tlog
d:\01-learning\06-physx\physx\physx\compiler\vc15win64\sdk_source_bin\lowlevelaabb.dir\debug\lowlevelaabb.tlog\custombuild.read.1.tlog
d:\01-learning\06-physx\physx\physx\compiler\vc15win64\sdk_source_bin\lowlevelaabb.dir\debug\lowlevelaabb.tlog\custombuild.write.1.tlog
d:\01-learning\06-physx\physx\physx\compiler\vc15win64\sdk_source_bin\lowlevelaabb.dir\debug\lowlevelaabb.tlog\lib-link.read.1.tlog
d:\01-learning\06-physx\physx\physx\compiler\vc15win64\sdk_source_bin\lowlevelaabb.dir\debug\lowlevelaabb.tlog\lib-link.write.1.tlog
d:\01-learning\06-physx\physx\physx\compiler\vc15win64\sdk_source_bin\lowlevelaabb.dir\debug\lowlevelaabb.tlog\lib.command.1.tlog
