d:\01-learning\06-physx\physx\physx\compiler\vc15win64\sdk_snippets_bin\snippetvehicle4w.dir\debug\snippetvehiclenodrivecreate.obj
d:\01-learning\06-physx\physx\physx\compiler\vc15win64\sdk_snippets_bin\snippetvehicle4w.dir\debug\snippetvehicletankcreate.obj
d:\01-learning\06-physx\physx\physx\compiler\vc15win64\sdk_snippets_bin\snippetvehicle4w.dir\debug\classicmain.obj
d:\01-learning\06-physx\physx\physx\compiler\vc15win64\sdk_snippets_bin\snippetvehicle4w.dir\debug\snippetvehiclefiltershader.obj
d:\01-learning\06-physx\physx\physx\compiler\vc15win64\sdk_snippets_bin\snippetvehicle4w.dir\debug\snippetvehicle4w.obj
d:\01-learning\06-physx\physx\physx\compiler\vc15win64\sdk_snippets_bin\snippetvehicle4w.dir\debug\snippetvehicle4wcreate.obj
d:\01-learning\06-physx\physx\physx\compiler\vc15win64\sdk_snippets_bin\snippetvehicle4w.dir\debug\snippetvehicletirefriction.obj
d:\01-learning\06-physx\physx\physx\compiler\vc15win64\sdk_snippets_bin\snippetvehicle4w.dir\debug\snippetvehiclecreate.obj
d:\01-learning\06-physx\physx\physx\compiler\vc15win64\sdk_snippets_bin\snippetvehicle4w.dir\debug\snippetvehiclescenequery.obj
d:\01-learning\06-physx\physx\physx\compiler\vc15win64\sdk_snippets_bin\snippetvehicle4w.dir\debug\snippetvehicle4wrender.obj
d:\01-learning\06-physx\physx\physx\compiler\vc15win64\sdk_snippets_bin\snippetvehicle4w.dir\debug\vc141.pdb
d:\01-learning\06-physx\physx\physx\compiler\vc15win64\sdk_snippets_bin\cmakefiles\generate.stamp
d:\01-learning\06-physx\physx\physx\bin\win.x86_64.vc141.mt\debug\snippetvehicle4w_64.ilk
d:\01-learning\06-physx\physx\physx\bin\win.x86_64.vc141.mt\debug\snippetvehicle4w_64.exe
d:\01-learning\06-physx\physx\physx\bin\win.x86_64.vc141.mt\debug\snippetvehicle4w_64.pdb
d:\01-learning\06-physx\physx\physx\compiler\vc15win64\sdk_snippets_bin\snippetvehicle4w.dir\debug\snippetvehicle4w.tlog\cl.10804.write.1.tlog
d:\01-learning\06-physx\physx\physx\compiler\vc15win64\sdk_snippets_bin\snippetvehicle4w.dir\debug\snippetvehicle4w.tlog\cl.command.1.tlog
d:\01-learning\06-physx\physx\physx\compiler\vc15win64\sdk_snippets_bin\snippetvehicle4w.dir\debug\snippetvehicle4w.tlog\cl.read.1.tlog
d:\01-learning\06-physx\physx\physx\compiler\vc15win64\sdk_snippets_bin\snippetvehicle4w.dir\debug\snippetvehicle4w.tlog\custombuild.command.1.tlog
d:\01-learning\06-physx\physx\physx\compiler\vc15win64\sdk_snippets_bin\snippetvehicle4w.dir\debug\snippetvehicle4w.tlog\custombuild.read.1.tlog
d:\01-learning\06-physx\physx\physx\compiler\vc15win64\sdk_snippets_bin\snippetvehicle4w.dir\debug\snippetvehicle4w.tlog\custombuild.write.1.tlog
d:\01-learning\06-physx\physx\physx\compiler\vc15win64\sdk_snippets_bin\snippetvehicle4w.dir\debug\snippetvehicle4w.tlog\link.command.1.tlog
d:\01-learning\06-physx\physx\physx\compiler\vc15win64\sdk_snippets_bin\snippetvehicle4w.dir\debug\snippetvehicle4w.tlog\link.read.1.tlog
d:\01-learning\06-physx\physx\physx\compiler\vc15win64\sdk_snippets_bin\snippetvehicle4w.dir\debug\snippetvehicle4w.tlog\link.write.1.tlog
