d:\01-learning\06-physx\physx\physx\compiler\vc15win64\sdk_snippets_bin\snippetvehiclemultithreading.dir\debug\snippetvehicletankcreate.obj
d:\01-learning\06-physx\physx\physx\compiler\vc15win64\sdk_snippets_bin\snippetvehiclemultithreading.dir\debug\snippetvehiclefiltershader.obj
d:\01-learning\06-physx\physx\physx\compiler\vc15win64\sdk_snippets_bin\snippetvehiclemultithreading.dir\debug\snippetvehicletirefriction.obj
d:\01-learning\06-physx\physx\physx\compiler\vc15win64\sdk_snippets_bin\snippetvehiclemultithreading.dir\debug\classicmain.obj
d:\01-learning\06-physx\physx\physx\compiler\vc15win64\sdk_snippets_bin\snippetvehiclemultithreading.dir\debug\snippetvehiclenodrivecreate.obj
d:\01-learning\06-physx\physx\physx\compiler\vc15win64\sdk_snippets_bin\snippetvehiclemultithreading.dir\debug\snippetvehiclescenequery.obj
d:\01-learning\06-physx\physx\physx\compiler\vc15win64\sdk_snippets_bin\snippetvehiclemultithreading.dir\debug\snippetvehiclecreate.obj
d:\01-learning\06-physx\physx\physx\compiler\vc15win64\sdk_snippets_bin\snippetvehiclemultithreading.dir\debug\snippetvehiclemultithreading.obj
d:\01-learning\06-physx\physx\physx\compiler\vc15win64\sdk_snippets_bin\snippetvehiclemultithreading.dir\debug\snippetvehicle4wcreate.obj
d:\01-learning\06-physx\physx\physx\compiler\vc15win64\sdk_snippets_bin\snippetvehiclemultithreading.dir\debug\vc141.pdb
d:\01-learning\06-physx\physx\physx\compiler\vc15win64\sdk_snippets_bin\cmakefiles\generate.stamp
d:\01-learning\06-physx\physx\physx\bin\win.x86_64.vc141.mt\debug\snippetvehiclemultithreading_64.ilk
d:\01-learning\06-physx\physx\physx\bin\win.x86_64.vc141.mt\debug\snippetvehiclemultithreading_64.exe
d:\01-learning\06-physx\physx\physx\bin\win.x86_64.vc141.mt\debug\snippetvehiclemultithreading_64.pdb
d:\01-learning\06-physx\physx\physx\compiler\vc15win64\sdk_snippets_bin\snippetvehiclemultithreading.dir\debug\snippetv.f32f9bda.tlog\cl.13032.write.1.tlog
d:\01-learning\06-physx\physx\physx\compiler\vc15win64\sdk_snippets_bin\snippetvehiclemultithreading.dir\debug\snippetv.f32f9bda.tlog\cl.command.1.tlog
d:\01-learning\06-physx\physx\physx\compiler\vc15win64\sdk_snippets_bin\snippetvehiclemultithreading.dir\debug\snippetv.f32f9bda.tlog\cl.read.1.tlog
d:\01-learning\06-physx\physx\physx\compiler\vc15win64\sdk_snippets_bin\snippetvehiclemultithreading.dir\debug\snippetv.f32f9bda.tlog\custombuild.command.1.tlog
d:\01-learning\06-physx\physx\physx\compiler\vc15win64\sdk_snippets_bin\snippetvehiclemultithreading.dir\debug\snippetv.f32f9bda.tlog\custombuild.read.1.tlog
d:\01-learning\06-physx\physx\physx\compiler\vc15win64\sdk_snippets_bin\snippetvehiclemultithreading.dir\debug\snippetv.f32f9bda.tlog\custombuild.write.1.tlog
d:\01-learning\06-physx\physx\physx\compiler\vc15win64\sdk_snippets_bin\snippetvehiclemultithreading.dir\debug\snippetv.f32f9bda.tlog\link.command.1.tlog
d:\01-learning\06-physx\physx\physx\compiler\vc15win64\sdk_snippets_bin\snippetvehiclemultithreading.dir\debug\snippetv.f32f9bda.tlog\link.read.1.tlog
d:\01-learning\06-physx\physx\physx\compiler\vc15win64\sdk_snippets_bin\snippetvehiclemultithreading.dir\debug\snippetv.f32f9bda.tlog\link.write.1.tlog
