d:\01-learning\06-physx\physx\physx\compiler\vc15win64\sdk_source_bin\scenequery.dir\debug\sqincrementalaabbpruner.obj
d:\01-learning\06-physx\physx\physx\compiler\vc15win64\sdk_source_bin\scenequery.dir\debug\sqpruningstructure.obj
d:\01-learning\06-physx\physx\physx\compiler\vc15win64\sdk_source_bin\scenequery.dir\debug\sqincrementalaabbprunercore.obj
d:\01-learning\06-physx\physx\physx\compiler\vc15win64\sdk_source_bin\scenequery.dir\debug\sqbounds.obj
d:\01-learning\06-physx\physx\physx\compiler\vc15win64\sdk_source_bin\scenequery.dir\debug\sqmetadata.obj
d:\01-learning\06-physx\physx\physx\compiler\vc15win64\sdk_source_bin\scenequery.dir\debug\sqaabbpruner.obj
d:\01-learning\06-physx\physx\physx\compiler\vc15win64\sdk_source_bin\scenequery.dir\debug\sqaabbtreeupdatemap.obj
d:\01-learning\06-physx\physx\physx\compiler\vc15win64\sdk_source_bin\scenequery.dir\debug\sqscenequerymanager.obj
d:\01-learning\06-physx\physx\physx\compiler\vc15win64\sdk_source_bin\scenequery.dir\debug\sqextendedbucketpruner.obj
d:\01-learning\06-physx\physx\physx\compiler\vc15win64\sdk_source_bin\scenequery.dir\debug\sqcompoundpruner.obj
d:\01-learning\06-physx\physx\physx\compiler\vc15win64\sdk_source_bin\scenequery.dir\debug\sqaabbtree.obj
d:\01-learning\06-physx\physx\physx\compiler\vc15win64\sdk_source_bin\scenequery.dir\debug\sqpruningpool.obj
d:\01-learning\06-physx\physx\physx\compiler\vc15win64\sdk_source_bin\scenequery.dir\debug\sqbucketpruner.obj
d:\01-learning\06-physx\physx\physx\compiler\vc15win64\sdk_source_bin\scenequery.dir\debug\sqincrementalaabbtree.obj
d:\01-learning\06-physx\physx\physx\compiler\vc15win64\sdk_source_bin\scenequery.dir\debug\sqcompoundpruningpool.obj
d:\01-learning\06-physx\physx\physx\bin\win.x86_64.vc141.mt\debug\scenequery_static_64.pdb
d:\01-learning\06-physx\physx\physx\compiler\vc15win64\sdk_source_bin\cmakefiles\generate.stamp
d:\01-learning\06-physx\physx\physx\bin\win.x86_64.vc141.mt\debug\scenequery_static_64.lib
d:\01-learning\06-physx\physx\physx\compiler\vc15win64\sdk_source_bin\scenequery.dir\debug\scenequery.tlog\cl.10592.write.1.tlog
d:\01-learning\06-physx\physx\physx\compiler\vc15win64\sdk_source_bin\scenequery.dir\debug\scenequery.tlog\cl.command.1.tlog
d:\01-learning\06-physx\physx\physx\compiler\vc15win64\sdk_source_bin\scenequery.dir\debug\scenequery.tlog\cl.read.1.tlog
d:\01-learning\06-physx\physx\physx\compiler\vc15win64\sdk_source_bin\scenequery.dir\debug\scenequery.tlog\custombuild.command.1.tlog
d:\01-learning\06-physx\physx\physx\compiler\vc15win64\sdk_source_bin\scenequery.dir\debug\scenequery.tlog\custombuild.read.1.tlog
d:\01-learning\06-physx\physx\physx\compiler\vc15win64\sdk_source_bin\scenequery.dir\debug\scenequery.tlog\custombuild.write.1.tlog
d:\01-learning\06-physx\physx\physx\compiler\vc15win64\sdk_source_bin\scenequery.dir\debug\scenequery.tlog\lib-link.read.1.tlog
d:\01-learning\06-physx\physx\physx\compiler\vc15win64\sdk_source_bin\scenequery.dir\debug\scenequery.tlog\lib-link.write.1.tlog
d:\01-learning\06-physx\physx\physx\compiler\vc15win64\sdk_source_bin\scenequery.dir\debug\scenequery.tlog\lib.command.1.tlog
